NumberOfParticlesInRow: 32
Distance: 1.74693
T = 0.9. Simulation running. Progress: 2%|4%|7%|9%|12%|14%|17%|19%|22%|24%|27%|29%|32%|34%|37%|39%|42%|44%|46%|49%|51%|54%|56%|59%|61%|64%|66%|69%|71%|74%|76%|79%|81%|84%|86%|89%|91%|93%|96%|98%|
Ratio of accepted displacements: 0.870019
Ratio of accepted type changes: 0.773356
#VerletListBuilds: 203910
Computation time: 404 s for 600000 runs
T = 0.85. Simulation running. Progress: 2%|4%|7%|9%|12%|14%|17%|19%|22%|24%|27%|29%|32%|34%|37%|39%|42%|44%|47%|49%|51%|54%|56%|59%|61%|64%|66%|69%|71%|74%|76%|79%|81%|84%|86%|89%|91%|94%|96%|99%|
Ratio of accepted displacements: 0.865204
Ratio of accepted type changes: 0.758346
#VerletListBuilds: 202516
Computation time: 404 s for 600000 runs
T = 0.8. Simulation running. Progress: 2%|4%|7%|9%|12%|14%|17%|19%|22%|24%|27%|29%|32%|34%|37%|39%|42%|44%|47%|49%|52%|54%|56%|59%|61%|64%|66%|69%|71%|74%|76%|79%|81%|84%|86%|89%|91%|94%|96%|99%|
Ratio of accepted displacements: 0.85955
Ratio of accepted type changes: 0.740719
#VerletListBuilds: 200751
Computation time: 403 s for 600000 runs
T = 0.75. Simulation running. Progress: 2%|4%|7%|9%|12%|14%|17%|19%|22%|24%|27%|29%|32%|34%|37%|39%|42%|44%|47%|49%|51%|54%|56%|59%|61%|64%|66%|69%|71%|74%|76%|79%|81%|84%|86%|89%|91%|94%|96%|99%|
Ratio of accepted displacements: 0.852861
Ratio of accepted type changes: 0.72017
#VerletListBuilds: 198733
Computation time: 403 s for 600000 runs
T = 0.7. Simulation running. Progress: 2%|4%|7%|9%|12%|14%|17%|19%|22%|24%|27%|29%|32%|34%|37%|39%|42%|44%|47%|49%|51%|54%|56%|59%|61%|64%|66%|69%|71%|74%|76%|79%|81%|84%|86%|88%|91%|93%|96%|98%|
Ratio of accepted displacements: 0.844585
Ratio of accepted type changes: 0.694832
#VerletListBuilds: 196256
Computation time: 404 s for 600000 runs
T = 0.65. Simulation running. Progress: 2%|4%|7%|9%|12%|14%|17%|19%|22%|24%|27%|29%|32%|34%|37%|39%|42%|44%|47%|49%|52%|54%|56%|59%|61%|64%|66%|69%|71%|74%|76%|79%|81%|84%|86%|89%|91%|94%|96%|99%|
Ratio of accepted displacements: 0.835263
Ratio of accepted type changes: 0.66531
#VerletListBuilds: 193291
Computation time: 403 s for 600000 runs
T = 0.6. Simulation running. Progress: 2%|4%|7%|9%|12%|14%|17%|19%|22%|24%|27%|29%|32%|34%|37%|39%|42%|44%|47%|49%|51%|54%|56%|59%|61%|64%|66%|69%|71%|74%|76%|79%|81%|84%|86%|89%|91%|93%|96%|98%|
Ratio of accepted displacements: 0.823397
Ratio of accepted type changes: 0.628143
#VerletListBuilds: 189878
Computation time: 404 s for 600000 runs
T = 0.55. Simulation running. Progress: 2%|4%|7%|9%|12%|14%|17%|19%|22%|24%|27%|29%|32%|34%|37%|39%|41%|44%|46%|49%|51%|54%|56%|59%|61%|64%|66%|69%|71%|74%|76%|78%|81%|83%|86%|88%|91%|93%|96%|98%|
Ratio of accepted displacements: 0.807349
Ratio of accepted type changes: 0.579908
#VerletListBuilds: 185002
Computation time: 405 s for 600000 runs
T = 0.5. Simulation running. Progress: 2%|4%|7%|9%|12%|14%|17%|19%|22%|24%|26%|29%|31%|34%|36%|39%|41%|44%|46%|48%|51%|53%|56%|58%|61%|63%|66%|68%|71%|73%|75%|78%|80%|83%|85%|88%|90%|93%|95%|98%|
Ratio of accepted displacements: 0.786583
Ratio of accepted type changes: 0.517365
#VerletListBuilds: 178991
Computation time: 407 s for 600000 runs
T = 0.45. Simulation running. Progress: 2%|4%|7%|9%|12%|14%|17%|19%|21%|24%|26%|29%|31%|34%|36%|38%|41%|43%|46%|48%|51%|53%|55%|58%|60%|63%|65%|67%|70%|72%|75%|77%|80%|82%|84%|87%|89%|92%|94%|97%|99%|
Ratio of accepted displacements: 0.755771
Ratio of accepted type changes: 0.429346
#VerletListBuilds: 170119
Computation time: 412 s for 600000 runs
T = 0.4. Simulation running. Progress: 2%|4%|7%|9%|11%|14%|16%|18%|20%|23%|25%|27%|30%|32%|34%|37%|39%|41%|44%|46%|48%|50%|53%|55%|57%|60%|62%|64%|66%|69%|71%|73%|75%|78%|80%|82%|85%|87%|89%|91%|94%|96%|98%|
Ratio of accepted displacements: 0.701182
Ratio of accepted type changes: 0.292342
#VerletListBuilds: 155591
Computation time: 435 s for 600000 runs
T = 0.35. Simulation running. Progress: 2%|4%|6%|8%|10%|12%|14%|16%|18%|20%|22%|24%|26%|28%|30%|33%|35%|37%|38%|40%|42%|44%|46%|48%|50%|52%|54%|56%|58%|60%|62%|64%|66%|68%|70%|72%|74%|76%|77%|79%|81%|83%|85%|87%|89%|91%|93%|95%|97%|99%|
Ratio of accepted displacements: 0.600875
Ratio of accepted type changes: 0.115213
#VerletListBuilds: 127975
Computation time: 503 s for 600000 runs
T = 0.3. Simulation running. Progress: 1%|3%|5%|7%|9%|11%|12%|14%|16%|18%|19%|21%|23%|25%|27%|28%|30%|32%|34%|35%|37%|39%|41%|42%|44%|46%|48%|50%|51%|53%|55%|57%|58%|60%|62%|64%|66%|67%|69%|71%|73%|74%|76%|78%|80%|81%|83%|85%|87%|89%|90%|92%|94%|96%|97%|99%|
Ratio of accepted displacements: 0.492933
Ratio of accepted type changes: 0.0343397
#VerletListBuilds: 92290
Computation time: 562 s for 600000 runs
