NumberOfParticlesInRow: 32
Distance: 1.86754
T = 0.9. Simulation running. Progress: 2%|5%|8%|10%|13%|16%|18%|21%|23%|26%|29%|31%|34%|37%|39%|42%|45%|47%|50%|53%|55%|58%|61%|63%|66%|69%|71%|74%|77%|79%|82%|85%|87%|90%|93%|95%|98%|
Ratio of accepted displacements: 0.883443
Ratio of accepted type changes: 0.790289
#VerletListBuilds: 208968
Computation time: 375 s for 600000 runs
T = 0.85. Simulation running. Progress: 2%|5%|7%|10%|13%|15%|18%|21%|23%|26%|29%|31%|34%|37%|39%|42%|45%|47%|50%|53%|55%|58%|61%|63%|66%|69%|71%|74%|77%|79%|82%|85%|87%|90%|93%|95%|98%|
Ratio of accepted displacements: 0.87857
Ratio of accepted type changes: 0.776008
#VerletListBuilds: 207359
Computation time: 375 s for 600000 runs
T = 0.8. Simulation running. Progress: 2%|5%|7%|10%|13%|15%|18%|21%|23%|26%|29%|31%|34%|37%|39%|42%|45%|47%|50%|53%|55%|58%|61%|63%|66%|69%|71%|74%|77%|79%|82%|85%|87%|90%|93%|95%|98%|
Ratio of accepted displacements: 0.873206
Ratio of accepted type changes: 0.759674
#VerletListBuilds: 205800
Computation time: 375 s for 600000 runs
T = 0.75. Simulation running. Progress: 2%|5%|7%|10%|13%|16%|18%|21%|24%|26%|29%|32%|34%|37%|39%|42%|45%|47%|50%|53%|55%|58%|61%|63%|66%|69%|72%|74%|77%|79%|82%|85%|87%|90%|93%|95%|98%|
Ratio of accepted displacements: 0.866805
Ratio of accepted type changes: 0.74017
#VerletListBuilds: 203822
Computation time: 375 s for 600000 runs
T = 0.7. Simulation running. Progress: 2%|5%|7%|10%|13%|15%|18%|21%|23%|26%|29%|31%|34%|37%|39%|42%|45%|47%|50%|53%|55%|58%|61%|63%|66%|69%|71%|74%|77%|79%|82%|85%|87%|90%|93%|95%|98%|
Ratio of accepted displacements: 0.859008
Ratio of accepted type changes: 0.716842
#VerletListBuilds: 201701
Computation time: 376 s for 600000 runs
T = 0.65. Simulation running. Progress: 2%|5%|7%|10%|13%|15%|18%|21%|23%|26%|29%|31%|34%|37%|39%|42%|45%|47%|50%|53%|55%|58%|61%|63%|66%|69%|71%|74%|77%|79%|82%|85%|87%|90%|92%|95%|98%|
Ratio of accepted displacements: 0.849706
Ratio of accepted type changes: 0.68846
#VerletListBuilds: 198751
Computation time: 376 s for 600000 runs
T = 0.6. Simulation running. Progress: 2%|5%|7%|10%|13%|15%|18%|21%|23%|26%|29%|31%|34%|37%|39%|42%|44%|47%|50%|52%|55%|58%|60%|63%|66%|68%|71%|74%|76%|79%|82%|84%|87%|89%|92%|95%|97%|
Ratio of accepted displacements: 0.837537
Ratio of accepted type changes: 0.652568
#VerletListBuilds: 195196
Computation time: 377 s for 600000 runs
T = 0.55. Simulation running. Progress: 2%|5%|7%|10%|13%|15%|18%|21%|23%|26%|29%|31%|34%|37%|39%|42%|45%|47%|50%|52%|55%|58%|60%|63%|66%|68%|71%|74%|76%|79%|82%|84%|87%|90%|92%|95%|97%|
Ratio of accepted displacements: 0.823033
Ratio of accepted type changes: 0.608386
#VerletListBuilds: 190886
Computation time: 377 s for 600000 runs
T = 0.5. Simulation running. Progress: 2%|5%|7%|10%|13%|15%|18%|20%|23%|26%|28%|31%|34%|36%|39%|41%|44%|47%|49%|52%|55%|57%|60%|63%|65%|68%|70%|73%|76%|78%|81%|84%|86%|89%|91%|94%|97%|99%|
Ratio of accepted displacements: 0.802487
Ratio of accepted type changes: 0.548388
#VerletListBuilds: 184837
Computation time: 380 s for 600000 runs
T = 0.45. Simulation running. Progress: 2%|5%|7%|10%|12%|15%|18%|20%|23%|25%|28%|30%|33%|36%|38%|41%|43%|46%|48%|51%|54%|56%|59%|61%|64%|67%|69%|72%|74%|77%|80%|82%|85%|87%|90%|93%|95%|98%|
Ratio of accepted displacements: 0.772539
Ratio of accepted type changes: 0.464092
#VerletListBuilds: 176471
Computation time: 386 s for 600000 runs
T = 0.4. Simulation running. Progress: 2%|5%|7%|10%|12%|15%|17%|19%|22%|24%|27%|29%|32%|34%|37%|39%|42%|44%|47%|49%|51%|54%|56%|59%|61%|64%|66%|68%|71%|73%|75%|78%|80%|83%|85%|87%|90%|92%|95%|97%|
Ratio of accepted displacements: 0.719043
Ratio of accepted type changes: 0.328189
#VerletListBuilds: 162168
Computation time: 409 s for 600000 runs
T = 0.35. Simulation running. Progress: 2%|4%|7%|9%|11%|13%|15%|18%|20%|22%|24%|26%|28%|30%|32%|34%|36%|39%|41%|43%|45%|47%|49%|51%|53%|55%|57%|59%|61%|63%|65%|67%|69%|71%|73%|75%|77%|79%|81%|83%|85%|87%|89%|91%|93%|95%|97%|99%|
Ratio of accepted displacements: 0.617038
Ratio of accepted type changes: 0.142656
#VerletListBuilds: 135150
Computation time: 481 s for 600000 runs
T = 0.3. Simulation running. Progress: 1%|3%|5%|7%|9%|11%|12%|14%|16%|18%|20%|22%|23%|25%|27%|29%|31%|32%|34%|36%|38%|40%|41%|43%|45%|47%|49%|50%|52%|54%|56%|58%|59%|61%|63%|65%|67%|68%|70%|72%|74%|75%|77%|79%|81%|82%|84%|86%|88%|90%|91%|93%|95%|97%|98%|
Ratio of accepted displacements: 0.499258
Ratio of accepted type changes: 0.0442542
#VerletListBuilds: 98146
Computation time: 555 s for 600000 runs
