NumberOfParticlesInRow: 32
Distance: 2.01718
T = 0.9. Simulation running. Progress: 2%|5%|8%|11%|14%|17%|20%|23%|26%|28%|31%|34%|37%|40%|43%|46%|49%|52%|55%|57%|60%|63%|66%|69%|72%|75%|78%|81%|83%|86%|89%|92%|95%|98%|
Ratio of accepted displacements: 0.897285
Ratio of accepted type changes: 0.808513
#VerletListBuilds: 214073
Computation time: 345 s for 600000 runs
T = 0.85. Simulation running. Progress: 2%|5%|8%|11%|14%|17%|20%|23%|26%|28%|31%|34%|37%|40%|43%|46%|49%|52%|55%|57%|60%|63%|66%|69%|72%|75%|78%|81%|83%|86%|89%|92%|95%|98%|
Ratio of accepted displacements: 0.892744
Ratio of accepted type changes: 0.795496
#VerletListBuilds: 212598
Computation time: 345 s for 600000 runs
T = 0.8. Simulation running. Progress: 2%|5%|8%|11%|14%|17%|20%|23%|26%|28%|31%|34%|37%|40%|43%|46%|49%|52%|55%|57%|60%|63%|66%|69%|72%|75%|78%|81%|83%|86%|89%|92%|95%|98%|
Ratio of accepted displacements: 0.887571
Ratio of accepted type changes: 0.78016
#VerletListBuilds: 210905
Computation time: 345 s for 600000 runs
T = 0.75. Simulation running. Progress: 2%|5%|8%|11%|14%|17%|20%|23%|25%|28%|31%|34%|37%|40%|43%|46%|49%|51%|54%|57%|60%|63%|66%|69%|72%|75%|77%|80%|83%|86%|89%|92%|95%|98%|
Ratio of accepted displacements: 0.88151
Ratio of accepted type changes: 0.762172
#VerletListBuilds: 209088
Computation time: 346 s for 600000 runs
T = 0.7. Simulation running. Progress: 2%|5%|8%|11%|14%|17%|20%|23%|25%|28%|31%|34%|37%|40%|43%|46%|49%|51%|54%|57%|60%|63%|66%|69%|72%|75%|77%|80%|83%|86%|89%|92%|95%|98%|
Ratio of accepted displacements: 0.874181
Ratio of accepted type changes: 0.740573
#VerletListBuilds: 206874
Computation time: 346 s for 600000 runs
T = 0.65. Simulation running. Progress: 2%|5%|8%|11%|14%|17%|20%|23%|25%|28%|31%|34%|37%|40%|43%|46%|48%|51%|54%|57%|60%|63%|66%|69%|71%|74%|77%|80%|83%|86%|89%|92%|94%|97%|
Ratio of accepted displacements: 0.865085
Ratio of accepted type changes: 0.713915
#VerletListBuilds: 204298
Computation time: 347 s for 600000 runs
T = 0.6. Simulation running. Progress: 2%|5%|8%|11%|14%|17%|20%|22%|25%|28%|31%|34%|37%|40%|43%|45%|48%|51%|54%|57%|60%|63%|66%|68%|71%|74%|77%|80%|83%|86%|88%|91%|94%|97%|
Ratio of accepted displacements: 0.853637
Ratio of accepted type changes: 0.680614
#VerletListBuilds: 200891
Computation time: 348 s for 600000 runs
T = 0.55. Simulation running. Progress: 2%|5%|8%|11%|14%|17%|20%|22%|25%|28%|31%|34%|37%|40%|42%|45%|48%|51%|54%|57%|60%|62%|65%|68%|71%|74%|77%|79%|82%|85%|88%|91%|94%|97%|
Ratio of accepted displacements: 0.839798
Ratio of accepted type changes: 0.639376
#VerletListBuilds: 196690
Computation time: 349 s for 600000 runs
T = 0.5. Simulation running. Progress: 2%|5%|8%|11%|14%|16%|19%|22%|25%|28%|31%|33%|36%|39%|42%|45%|48%|50%|53%|56%|59%|62%|65%|67%|70%|73%|76%|79%|82%|84%|87%|90%|93%|96%|98%|
Ratio of accepted displacements: 0.818997
Ratio of accepted type changes: 0.581178
#VerletListBuilds: 190919
Computation time: 353 s for 600000 runs
T = 0.45. Simulation running. Progress: 2%|5%|8%|11%|13%|16%|19%|21%|24%|27%|30%|33%|35%|38%|41%|44%|46%|49%|52%|55%|57%|60%|63%|66%|68%|71%|74%|77%|79%|82%|85%|88%|90%|93%|96%|99%|
Ratio of accepted displacements: 0.788963
Ratio of accepted type changes: 0.498324
#VerletListBuilds: 182542
Computation time: 362 s for 600000 runs
T = 0.4. Simulation running. Progress: 2%|5%|7%|10%|13%|15%|18%|20%|23%|26%|28%|31%|33%|36%|39%|41%|44%|46%|49%|52%|54%|57%|60%|62%|65%|67%|70%|73%|75%|78%|80%|83%|85%|88%|90%|93%|96%|98%|
Ratio of accepted displacements: 0.738114
Ratio of accepted type changes: 0.368774
#VerletListBuilds: 169066
Computation time: 385 s for 600000 runs
T = 0.35. Simulation running. Progress: 2%|4%|7%|9%|11%|14%|16%|18%|20%|22%|25%|27%|29%|31%|33%|35%|38%|40%|42%|44%|46%|48%|50%|52%|55%|57%|59%|61%|63%|65%|67%|69%|71%|73%|75%|78%|80%|82%|84%|86%|88%|90%|92%|94%|96%|98%|
Ratio of accepted displacements: 0.631577
Ratio of accepted type changes: 0.163387
#VerletListBuilds: 141841
Computation time: 465 s for 600000 runs
T = 0.3. Simulation running. Progress: 1%|3%|5%|7%|9%|11%|13%|15%|17%|19%|20%|22%|24%|26%|28%|30%|31%|33%|35%|37%|39%|41%|43%|44%|46%|48%|50%|52%|54%|55%|57%|59%|61%|63%|65%|66%|68%|70%|72%|74%|76%|77%|79%|81%|83%|85%|87%|88%|90%|92%|94%|96%|98%|99%|
Ratio of accepted displacements: 0.511562
Ratio of accepted type changes: 0.0482377
#VerletListBuilds: 104339
Computation time: 540 s for 600000 runs
