NumberOfParticlesInRow: 32
Distance: 1.5625
T = 0.9. Simulation running. Progress: 2%|4%|6%|8%|10%|12%|15%|17%|19%|21%|23%|25%|27%|30%|32%|34%|36%|38%|40%|43%|45%|47%|49%|51%|53%|55%|58%|60%|62%|64%|66%|68%|71%|73%|75%|77%|79%|81%|83%|86%|88%|90%|92%|94%|96%|99%|
Ratio of accepted displacements: 0.842549
Ratio of accepted type changes: 0.74102
#VerletListBuilds: 193479
Computation time: 464 s for 600000 runs
T = 0.85. Simulation running. Progress: 2%|4%|6%|8%|10%|12%|15%|17%|19%|21%|23%|25%|28%|30%|32%|34%|36%|38%|40%|43%|45%|47%|49%|51%|53%|56%|58%|60%|62%|64%|66%|69%|71%|73%|75%|77%|79%|82%|84%|86%|88%|90%|92%|94%|97%|99%|
Ratio of accepted displacements: 0.837626
Ratio of accepted type changes: 0.724175
#VerletListBuilds: 192042
Computation time: 463 s for 600000 runs
T = 0.8. Simulation running. Progress: 2%|4%|6%|8%|10%|12%|15%|17%|19%|21%|23%|25%|28%|30%|32%|34%|36%|38%|40%|43%|45%|47%|49%|51%|53%|56%|58%|60%|62%|64%|66%|69%|71%|73%|75%|77%|79%|82%|84%|86%|88%|90%|92%|95%|97%|99%|
Ratio of accepted displacements: 0.831536
Ratio of accepted type changes: 0.704469
#VerletListBuilds: 190271
Computation time: 463 s for 600000 runs
T = 0.75. Simulation running. Progress: 2%|4%|6%|8%|10%|12%|15%|17%|19%|21%|23%|25%|28%|30%|32%|34%|36%|38%|41%|43%|45%|47%|49%|51%|54%|56%|58%|60%|62%|64%|67%|69%|71%|73%|75%|77%|80%|82%|84%|86%|88%|90%|93%|95%|97%|99%|
Ratio of accepted displacements: 0.824795
Ratio of accepted type changes: 0.681616
#VerletListBuilds: 188236
Computation time: 462 s for 600000 runs
T = 0.7. Simulation running. Progress: 2%|4%|6%|8%|10%|13%|15%|17%|19%|21%|23%|26%|28%|30%|32%|34%|36%|39%|41%|43%|45%|47%|49%|52%|54%|56%|58%|60%|62%|64%|67%|69%|71%|73%|75%|77%|80%|82%|84%|86%|88%|90%|93%|95%|97%|99%|
Ratio of accepted displacements: 0.816771
Ratio of accepted type changes: 0.654244
#VerletListBuilds: 185647
Computation time: 461 s for 600000 runs
T = 0.65. Simulation running. Progress: 2%|4%|6%|8%|10%|13%|15%|17%|19%|21%|23%|26%|28%|30%|32%|34%|36%|39%|41%|43%|45%|47%|49%|52%|54%|56%|58%|60%|63%|65%|67%|69%|71%|73%|76%|78%|80%|82%|84%|86%|89%|91%|93%|95%|97%|99%|
Ratio of accepted displacements: 0.807181
Ratio of accepted type changes: 0.621407
#VerletListBuilds: 182654
Computation time: 460 s for 600000 runs
T = 0.6. Simulation running. Progress: 2%|4%|6%|8%|10%|13%|15%|17%|19%|21%|23%|26%|28%|30%|32%|34%|36%|39%|41%|43%|45%|47%|49%|52%|54%|56%|58%|60%|62%|65%|67%|69%|71%|73%|76%|78%|80%|82%|84%|86%|89%|91%|93%|95%|97%|99%|
Ratio of accepted displacements: 0.794671
Ratio of accepted type changes: 0.580125
#VerletListBuilds: 179059
Computation time: 460 s for 600000 runs
T = 0.55. Simulation running. Progress: 2%|4%|6%|8%|10%|13%|15%|17%|19%|21%|23%|26%|28%|30%|32%|34%|37%|39%|41%|43%|45%|47%|50%|52%|54%|56%|58%|61%|63%|65%|67%|69%|72%|74%|76%|78%|80%|82%|85%|87%|89%|91%|93%|95%|98%|
Ratio of accepted displacements: 0.779106
Ratio of accepted type changes: 0.528958
#VerletListBuilds: 174323
Computation time: 458 s for 600000 runs
T = 0.5. Simulation running. Progress: 2%|4%|6%|8%|10%|13%|15%|17%|19%|21%|23%|26%|28%|30%|32%|34%|37%|39%|41%|43%|45%|48%|50%|52%|54%|56%|58%|61%|63%|65%|67%|69%|72%|74%|76%|78%|80%|83%|85%|87%|89%|91%|94%|96%|98%|
Ratio of accepted displacements: 0.758338
Ratio of accepted type changes: 0.462301
#VerletListBuilds: 168187
Computation time: 457 s for 600000 runs
T = 0.45. Simulation running. Progress: 2%|4%|6%|8%|10%|13%|15%|17%|19%|21%|23%|26%|28%|30%|32%|34%|36%|39%|41%|43%|45%|47%|49%|52%|54%|56%|58%|60%|63%|65%|67%|69%|71%|73%|76%|78%|80%|82%|84%|87%|89%|91%|93%|95%|97%|
Ratio of accepted displacements: 0.727551
Ratio of accepted type changes: 0.370312
#VerletListBuilds: 159207
Computation time: 459 s for 600000 runs
T = 0.4. Simulation running. Progress: 2%|4%|6%|8%|10%|12%|14%|17%|19%|21%|23%|25%|27%|29%|31%|33%|36%|38%|40%|42%|44%|46%|48%|50%|52%|55%|57%|59%|61%|63%|65%|67%|69%|71%|73%|76%|78%|80%|82%|84%|86%|88%|90%|92%|95%|97%|99%|
Ratio of accepted displacements: 0.674307
Ratio of accepted type changes: 0.240586
#VerletListBuilds: 144154
Computation time: 472 s for 600000 runs
T = 0.35. Simulation running. Progress: 2%|4%|6%|8%|10%|12%|14%|16%|18%|20%|21%|23%|25%|27%|29%|31%|33%|35%|37%|39%|41%|43%|45%|47%|49%|51%|53%|55%|57%|59%|61%|63%|65%|67%|69%|71%|73%|74%|76%|78%|80%|82%|84%|86%|88%|90%|92%|94%|96%|98%|
Ratio of accepted displacements: 0.585391
Ratio of accepted type changes: 0.203826
#VerletListBuilds: 117774
Computation time: 508 s for 600000 runs
T = 0.3. Simulation running. Progress: 1%|3%|5%|7%|9%|11%|12%|14%|16%|18%|20%|22%|23%|25%|27%|29%|31%|33%|34%|36%|38%|40%|42%|44%|45%|47%|49%|51%|53%|54%|56%|58%|60%|62%|63%|65%|67%|69%|70%|72%|74%|76%|78%|79%|81%|83%|85%|87%|88%|90%|92%|94%|96%|97%|99%|
Ratio of accepted displacements: 0.481045
Ratio of accepted type changes: 0.146132
#VerletListBuilds: 80868
Computation time: 552 s for 600000 runs
