NumberOfParticlesInRow: 32
Distance: 1.3704
T = 0.9. Simulation running. Progress: 1%|3%|5%|7%|9%|10%|12%|14%|16%|18%|20%|21%|23%|25%|27%|29%|31%|32%|34%|36%|38%|40%|41%|43%|45%|47%|49%|51%|52%|54%|56%|58%|60%|62%|63%|65%|67%|69%|71%|73%|74%|76%|78%|80%|82%|83%|85%|87%|89%|91%|93%|94%|96%|98%|
Ratio of accepted displacements: 0.796793
Ratio of accepted type changes: 0.693223
#VerletListBuilds: 175655
Computation time: 547 s for 600000 runs
T = 0.85. Simulation running. Progress: 1%|3%|5%|7%|9%|10%|12%|14%|16%|18%|20%|21%|23%|25%|27%|29%|31%|32%|34%|36%|38%|40%|42%|43%|45%|47%|49%|51%|53%|54%|56%|58%|60%|62%|64%|65%|67%|69%|71%|73%|75%|76%|78%|80%|82%|84%|86%|87%|89%|91%|93%|95%|97%|98%|
Ratio of accepted displacements: 0.791801
Ratio of accepted type changes: 0.673615
#VerletListBuilds: 174173
Computation time: 546 s for 600000 runs
T = 0.8. Simulation running. Progress: 1%|3%|5%|7%|9%|11%|12%|14%|16%|18%|20%|22%|23%|25%|27%|29%|31%|33%|34%|36%|38%|40%|42%|44%|45%|47%|49%|51%|53%|55%|56%|58%|60%|62%|64%|66%|67%|69%|71%|73%|75%|77%|78%|80%|82%|84%|86%|88%|90%|91%|93%|95%|97%|99%|
Ratio of accepted displacements: 0.786155
Ratio of accepted type changes: 0.651023
#VerletListBuilds: 172210
Computation time: 544 s for 600000 runs
T = 0.75. Simulation running. Progress: 1%|3%|5%|7%|9%|11%|12%|14%|16%|18%|20%|22%|23%|25%|27%|29%|31%|33%|35%|36%|38%|40%|42%|44%|46%|47%|49%|51%|53%|55%|57%|58%|60%|62%|64%|66%|68%|70%|71%|73%|75%|77%|79%|81%|82%|84%|86%|88%|90%|92%|93%|95%|97%|99%|
Ratio of accepted displacements: 0.779474
Ratio of accepted type changes: 0.624609
#VerletListBuilds: 170395
Computation time: 542 s for 600000 runs
T = 0.7. Simulation running. Progress: 1%|3%|5%|7%|9%|11%|12%|14%|16%|18%|20%|22%|24%|25%|27%|29%|31%|33%|35%|37%|38%|40%|42%|44%|46%|48%|49%|51%|53%|55%|57%|59%|61%|62%|64%|66%|68%|70%|72%|74%|75%|77%|79%|81%|83%|85%|87%|88%|90%|92%|94%|96%|98%|99%|
Ratio of accepted displacements: 0.771704
Ratio of accepted type changes: 0.593527
#VerletListBuilds: 167795
Computation time: 540 s for 600000 runs
T = 0.65. Simulation running. Progress: 1%|3%|5%|7%|9%|11%|13%|14%|16%|18%|20%|22%|24%|26%|27%|29%|31%|33%|35%|37%|39%|40%|42%|44%|46%|48%|50%|52%|53%|55%|57%|59%|61%|63%|65%|66%|68%|70%|72%|74%|76%|78%|80%|81%|83%|85%|87%|89%|91%|93%|94%|96%|98%|
Ratio of accepted displacements: 0.762656
Ratio of accepted type changes: 0.556202
#VerletListBuilds: 165200
Computation time: 537 s for 600000 runs
T = 0.6. Simulation running. Progress: 1%|3%|5%|7%|9%|11%|13%|14%|16%|18%|20%|22%|24%|26%|28%|29%|31%|33%|35%|37%|39%|41%|43%|44%|46%|48%|50%|52%|54%|56%|58%|59%|61%|63%|65%|67%|69%|71%|73%|74%|76%|78%|80%|82%|84%|86%|88%|89%|91%|93%|95%|97%|99%|
Ratio of accepted displacements: 0.751394
Ratio of accepted type changes: 0.511018
#VerletListBuilds: 161577
Computation time: 533 s for 600000 runs
T = 0.55. Simulation running. Progress: 1%|3%|5%|7%|9%|11%|13%|15%|17%|18%|20%|22%|24%|26%|28%|30%|32%|34%|35%|37%|39%|41%|43%|45%|47%|49%|51%|52%|54%|56%|58%|60%|62%|64%|66%|67%|69%|71%|73%|75%|77%|79%|81%|83%|84%|86%|88%|90%|92%|94%|96%|98%|
Ratio of accepted displacements: 0.737187
Ratio of accepted type changes: 0.455416
#VerletListBuilds: 157514
Computation time: 529 s for 600000 runs
T = 0.5. Simulation running. Progress: 1%|3%|5%|7%|9%|11%|13%|15%|17%|19%|20%|22%|24%|26%|28%|30%|32%|34%|36%|38%|40%|41%|43%|45%|47%|49%|51%|53%|55%|57%|59%|61%|62%|64%|66%|68%|70%|72%|74%|76%|78%|80%|82%|83%|85%|87%|89%|91%|93%|95%|97%|99%|
Ratio of accepted displacements: 0.718254
Ratio of accepted type changes: 0.384852
#VerletListBuilds: 151585
Computation time: 524 s for 600000 runs
T = 0.45. Simulation running. Progress: 1%|3%|5%|7%|9%|11%|13%|15%|17%|19%|21%|23%|25%|27%|28%|30%|32%|34%|36%|38%|40%|42%|44%|46%|48%|50%|52%|53%|55%|57%|59%|61%|63%|65%|67%|69%|71%|73%|75%|77%|79%|80%|82%|84%|86%|88%|90%|92%|94%|96%|98%|
Ratio of accepted displacements: 0.689459
Ratio of accepted type changes: 0.292546
#VerletListBuilds: 143196
Computation time: 518 s for 600000 runs
T = 0.4. Simulation running. Progress: 1%|3%|5%|7%|9%|11%|13%|15%|17%|19%|21%|23%|25%|27%|29%|31%|32%|34%|36%|38%|40%|42%|44%|46%|48%|50%|52%|54%|56%|57%|59%|61%|63%|65%|67%|69%|71%|73%|75%|77%|79%|81%|82%|84%|86%|88%|90%|92%|94%|96%|98%|
Ratio of accepted displacements: 0.639554
Ratio of accepted type changes: 0.234391
#VerletListBuilds: 128937
Computation time: 519 s for 600000 runs
T = 0.35. Simulation running. Progress: 1%|3%|5%|7%|9%|11%|13%|15%|16%|18%|20%|22%|24%|26%|27%|29%|31%|33%|35%|36%|38%|40%|42%|44%|45%|47%|49%|51%|53%|54%|56%|58%|60%|61%|63%|65%|67%|69%|70%|72%|74%|76%|77%|79%|81%|83%|85%|86%|88%|90%|92%|94%|95%|97%|99%|
Ratio of accepted displacements: 0.55528
Ratio of accepted type changes: 0.213322
#VerletListBuilds: 102240
Computation time: 553 s for 600000 runs
T = 0.3. Simulation running. Progress: 1%|3%|5%|7%|8%|10%|12%|13%|15%|17%|19%|20%|22%|24%|26%|27%|29%|31%|33%|34%|36%|38%|40%|41%|43%|45%|46%|48%|50%|52%|53%|55%|57%|59%|60%|62%|64%|65%|67%|69%|71%|72%|74%|76%|78%|79%|81%|83%|85%|86%|88%|90%|92%|93%|95%|97%|98%|
Ratio of accepted displacements: 0.467722
Ratio of accepted type changes: 0.138555
#VerletListBuilds: 65874
Computation time: 575 s for 600000 runs
