NumberOfParticlesInRow: 32
Distance: 1.27578
T = 0.9. Simulation running. Progress: 1%|3%|5%|6%|8%|10%|11%|13%|15%|16%|18%|20%|21%|23%|25%|26%|28%|30%|31%|33%|35%|36%|38%|40%|41%|43%|45%|46%|48%|50%|51%|53%|55%|56%|58%|60%|61%|63%|65%|66%|68%|70%|71%|73%|75%|76%|78%|80%|81%|83%|85%|86%|88%|90%|91%|93%|95%|96%|98%|
Ratio of accepted displacements: 0.759783
Ratio of accepted type changes: 0.659551
#VerletListBuilds: 160586
Computation time: 598 s for 600000 runs
T = 0.85. Simulation running. Progress: 1%|3%|5%|6%|8%|10%|11%|13%|15%|16%|18%|20%|21%|23%|25%|26%|28%|30%|31%|33%|35%|36%|38%|40%|41%|43%|45%|46%|48%|50%|51%|53%|55%|57%|58%|60%|62%|63%|65%|67%|68%|70%|72%|73%|75%|77%|78%|80%|82%|83%|85%|87%|88%|90%|92%|93%|95%|97%|98%|
Ratio of accepted displacements: 0.754894
Ratio of accepted type changes: 0.638023
#VerletListBuilds: 159195
Computation time: 596 s for 600000 runs
T = 0.8. Simulation running. Progress: 1%|3%|5%|6%|8%|10%|11%|13%|15%|16%|18%|20%|21%|23%|25%|26%|28%|30%|31%|33%|35%|37%|38%|40%|42%|43%|45%|47%|48%|50%|52%|53%|55%|57%|58%|60%|62%|63%|65%|67%|69%|70%|72%|74%|75%|77%|79%|80%|82%|84%|85%|87%|89%|90%|92%|94%|95%|97%|99%|
Ratio of accepted displacements: 0.749516
Ratio of accepted type changes: 0.61303
#VerletListBuilds: 157313
Computation time: 593 s for 600000 runs
T = 0.75. Simulation running. Progress: 1%|3%|5%|6%|8%|10%|11%|13%|15%|16%|18%|20%|21%|23%|25%|27%|28%|30%|32%|33%|35%|37%|38%|40%|42%|43%|45%|47%|49%|50%|52%|54%|55%|57%|59%|60%|62%|64%|65%|67%|69%|71%|72%|74%|76%|77%|79%|81%|82%|84%|86%|87%|89%|91%|92%|94%|96%|98%|99%|
Ratio of accepted displacements: 0.74321
Ratio of accepted type changes: 0.584035
#VerletListBuilds: 155419
Computation time: 591 s for 600000 runs
T = 0.7. Simulation running. Progress: 1%|3%|5%|6%|8%|10%|11%|13%|15%|16%|18%|20%|22%|23%|25%|27%|28%|30%|32%|33%|35%|37%|39%|40%|42%|44%|45%|47%|49%|50%|52%|54%|56%|57%|59%|61%|62%|64%|66%|67%|69%|71%|73%|74%|76%|78%|79%|81%|83%|84%|86%|88%|90%|91%|93%|95%|96%|98%|
Ratio of accepted displacements: 0.735936
Ratio of accepted type changes: 0.549485
#VerletListBuilds: 153070
Computation time: 588 s for 600000 runs
T = 0.65. Simulation running. Progress: 1%|3%|5%|6%|8%|10%|11%|13%|15%|17%|18%|20%|22%|23%|25%|27%|29%|30%|32%|34%|35%|37%|39%|41%|42%|44%|46%|47%|49%|51%|53%|54%|56%|58%|59%|61%|63%|64%|66%|68%|70%|71%|73%|75%|76%|78%|80%|82%|83%|85%|87%|88%|90%|92%|94%|95%|97%|99%|
Ratio of accepted displacements: 0.727228
Ratio of accepted type changes: 0.508572
#VerletListBuilds: 150679
Computation time: 584 s for 600000 runs
T = 0.6. Simulation running. Progress: 1%|3%|5%|6%|8%|10%|12%|13%|15%|17%|18%|20%|22%|24%|25%|27%|29%|31%|32%|34%|36%|37%|39%|41%|43%|44%|46%|48%|50%|51%|53%|55%|56%|58%|60%|62%|63%|65%|67%|68%|70%|72%|74%|75%|77%|79%|81%|82%|84%|86%|87%|89%|91%|93%|94%|96%|98%|
Ratio of accepted displacements: 0.716698
Ratio of accepted type changes: 0.45925
#VerletListBuilds: 147490
Computation time: 579 s for 600000 runs
T = 0.55. Simulation running. Progress: 1%|3%|5%|6%|8%|10%|12%|13%|15%|17%|19%|20%|22%|24%|26%|27%|29%|31%|33%|34%|36%|38%|40%|41%|43%|45%|47%|48%|50%|52%|54%|55%|57%|59%|61%|62%|64%|66%|68%|69%|71%|73%|74%|76%|78%|80%|81%|83%|85%|87%|88%|90%|92%|94%|95%|97%|99%|
Ratio of accepted displacements: 0.703623
Ratio of accepted type changes: 0.398845
#VerletListBuilds: 143565
Computation time: 573 s for 600000 runs
T = 0.5. Simulation running. Progress: 1%|3%|5%|7%|8%|10%|12%|14%|15%|17%|19%|21%|23%|24%|26%|28%|30%|31%|33%|35%|37%|38%|40%|42%|44%|46%|47%|49%|51%|53%|54%|56%|58%|60%|61%|63%|65%|67%|69%|70%|72%|74%|76%|77%|79%|81%|83%|84%|86%|88%|90%|92%|93%|95%|97%|99%|
Ratio of accepted displacements: 0.686248
Ratio of accepted type changes: 0.32538
#VerletListBuilds: 138591
Computation time: 565 s for 600000 runs
T = 0.45. Simulation running. Progress: 1%|3%|5%|7%|9%|10%|12%|14%|16%|18%|19%|21%|23%|25%|27%|28%|30%|32%|34%|36%|37%|39%|41%|43%|45%|46%|48%|50%|52%|54%|55%|57%|59%|61%|63%|65%|66%|68%|70%|72%|74%|75%|77%|79%|81%|83%|84%|86%|88%|90%|92%|93%|95%|97%|99%|
Ratio of accepted displacements: 0.661254
Ratio of accepted type changes: 0.251787
#VerletListBuilds: 131233
Computation time: 553 s for 600000 runs
T = 0.4. Simulation running. Progress: 1%|3%|5%|7%|9%|11%|12%|14%|16%|18%|20%|22%|23%|25%|27%|29%|31%|33%|34%|36%|38%|40%|42%|44%|45%|47%|49%|51%|53%|55%|56%|58%|60%|62%|64%|66%|67%|69%|71%|73%|75%|77%|78%|80%|82%|84%|86%|88%|89%|91%|93%|95%|97%|99%|
Ratio of accepted displacements: 0.619349
Ratio of accepted type changes: 0.300745
#VerletListBuilds: 118787
Computation time: 545 s for 600000 runs
T = 0.35. Simulation running. Progress: 1%|3%|5%|7%|9%|10%|12%|14%|16%|18%|19%|21%|23%|25%|26%|28%|30%|32%|33%|35%|37%|39%|40%|42%|44%|46%|47%|49%|51%|53%|54%|56%|58%|60%|61%|63%|65%|67%|68%|70%|72%|74%|75%|77%|79%|80%|82%|84%|86%|87%|89%|91%|93%|94%|96%|98%|99%|
Ratio of accepted displacements: 0.538197
Ratio of accepted type changes: 0.222107
#VerletListBuilds: 91959
Computation time: 570 s for 600000 runs
T = 0.3. Simulation running. Progress: 1%|3%|5%|6%|8%|10%|12%|13%|15%|17%|19%|20%|22%|24%|26%|27%|29%|31%|32%|34%|36%|38%|39%|41%|43%|45%|46%|48%|50%|51%|53%|55%|57%|58%|60%|62%|64%|65%|67%|69%|70%|72%|74%|76%|77%|79%|81%|83%|84%|86%|88%|89%|91%|93%|95%|96%|98%|
Ratio of accepted displacements: 0.46535
Ratio of accepted type changes: 0.156028
#VerletListBuilds: 59796
Computation time: 578 s for 600000 runs
