NumberOfParticlesInRow: 32
Distance: 1.48979
T = 0.9. Simulation running. Progress: 2%|4%|6%|8%|10%|12%|14%|16%|18%|20%|22%|24%|26%|28%|30%|32%|34%|36%|38%|40%|42%|44%|46%|48%|50%|52%|54%|56%|58%|60%|62%|64%|66%|68%|70%|72%|74%|76%|78%|80%|82%|84%|86%|88%|90%|92%|94%|96%|98%|
Ratio of accepted displacements: 0.828159
Ratio of accepted type changes: 0.72519
#VerletListBuilds: 188205
Computation time: 495 s for 600000 runs
T = 0.85. Simulation running. Progress: 2%|4%|6%|8%|10%|12%|14%|16%|18%|20%|22%|24%|26%|28%|30%|32%|34%|36%|38%|40%|42%|44%|46%|48%|50%|52%|54%|56%|58%|60%|62%|64%|66%|68%|70%|72%|74%|76%|78%|80%|82%|84%|86%|88%|91%|93%|95%|97%|99%|
Ratio of accepted displacements: 0.822877
Ratio of accepted type changes: 0.707273
#VerletListBuilds: 186568
Computation time: 494 s for 600000 runs
T = 0.8. Simulation running. Progress: 2%|4%|6%|8%|10%|12%|14%|16%|18%|20%|22%|24%|26%|28%|30%|32%|34%|36%|38%|40%|42%|44%|46%|48%|50%|52%|54%|56%|58%|60%|62%|64%|66%|68%|70%|73%|75%|77%|79%|81%|83%|85%|87%|89%|91%|93%|95%|97%|99%|
Ratio of accepted displacements: 0.817195
Ratio of accepted type changes: 0.686766
#VerletListBuilds: 184651
Computation time: 493 s for 600000 runs
T = 0.75. Simulation running. Progress: 2%|4%|6%|8%|10%|12%|14%|16%|18%|20%|22%|24%|26%|28%|30%|32%|34%|36%|38%|40%|42%|44%|46%|48%|50%|52%|54%|56%|58%|61%|63%|65%|67%|69%|71%|73%|75%|77%|79%|81%|83%|85%|87%|89%|91%|93%|95%|97%|99%|
Ratio of accepted displacements: 0.810588
Ratio of accepted type changes: 0.66295
#VerletListBuilds: 182663
Computation time: 491 s for 600000 runs
T = 0.7. Simulation running. Progress: 2%|4%|6%|8%|10%|12%|14%|16%|18%|20%|22%|24%|26%|28%|30%|32%|34%|36%|38%|40%|42%|44%|46%|48%|50%|52%|55%|57%|59%|61%|63%|65%|67%|69%|71%|73%|75%|77%|79%|81%|83%|85%|87%|89%|91%|93%|95%|97%|99%|
Ratio of accepted displacements: 0.802524
Ratio of accepted type changes: 0.634332
#VerletListBuilds: 180118
Computation time: 490 s for 600000 runs
T = 0.65. Simulation running. Progress: 2%|4%|6%|8%|10%|12%|14%|16%|18%|20%|22%|24%|26%|28%|30%|32%|34%|36%|38%|40%|42%|45%|47%|49%|51%|53%|55%|57%|59%|61%|63%|65%|67%|69%|71%|73%|75%|77%|79%|81%|83%|85%|87%|90%|92%|94%|96%|98%|
Ratio of accepted displacements: 0.792715
Ratio of accepted type changes: 0.599616
#VerletListBuilds: 177035
Computation time: 488 s for 600000 runs
T = 0.6. Simulation running. Progress: 2%|4%|6%|8%|10%|12%|14%|16%|18%|20%|22%|24%|26%|28%|30%|32%|34%|36%|38%|41%|43%|45%|47%|49%|51%|53%|55%|57%|59%|61%|63%|65%|67%|69%|71%|73%|75%|77%|80%|82%|84%|86%|88%|90%|92%|94%|96%|98%|
Ratio of accepted displacements: 0.780966
Ratio of accepted type changes: 0.557775
#VerletListBuilds: 173515
Computation time: 487 s for 600000 runs
T = 0.55. Simulation running. Progress: 2%|4%|6%|8%|10%|12%|14%|16%|18%|20%|22%|24%|26%|28%|30%|33%|35%|37%|39%|41%|43%|45%|47%|49%|51%|53%|55%|57%|59%|61%|63%|66%|68%|70%|72%|74%|76%|78%|80%|82%|84%|86%|88%|90%|92%|94%|96%|99%|
Ratio of accepted displacements: 0.765676
Ratio of accepted type changes: 0.505145
#VerletListBuilds: 168931
Computation time: 484 s for 600000 runs
T = 0.5. Simulation running. Progress: 2%|4%|6%|8%|10%|12%|14%|16%|18%|20%|22%|24%|26%|29%|31%|33%|35%|37%|39%|41%|43%|45%|47%|49%|51%|53%|56%|58%|60%|62%|64%|66%|68%|70%|72%|74%|76%|78%|80%|83%|85%|87%|89%|91%|93%|95%|97%|99%|
Ratio of accepted displacements: 0.745668
Ratio of accepted type changes: 0.437663
#VerletListBuilds: 162901
Computation time: 481 s for 600000 runs
T = 0.45. Simulation running. Progress: 2%|4%|6%|8%|10%|12%|14%|16%|18%|20%|22%|24%|26%|28%|30%|33%|35%|37%|39%|41%|43%|45%|47%|49%|51%|53%|55%|57%|59%|62%|64%|66%|68%|70%|72%|74%|76%|78%|80%|82%|84%|86%|88%|90%|92%|95%|97%|99%|
Ratio of accepted displacements: 0.713905
Ratio of accepted type changes: 0.341907
#VerletListBuilds: 154012
Computation time: 483 s for 600000 runs
T = 0.4. Simulation running. Progress: 2%|4%|6%|8%|10%|12%|14%|16%|18%|20%|22%|24%|26%|28%|30%|32%|34%|36%|38%|40%|43%|45%|47%|49%|51%|53%|55%|57%|59%|61%|63%|65%|67%|69%|71%|73%|75%|77%|79%|81%|83%|85%|87%|89%|91%|94%|96%|98%|
Ratio of accepted displacements: 0.665158
Ratio of accepted type changes: 0.224185
#VerletListBuilds: 139626
Computation time: 489 s for 600000 runs
T = 0.35. Simulation running. Progress: 2%|4%|5%|7%|9%|11%|13%|15%|17%|19%|21%|23%|25%|27%|29%|31%|32%|34%|36%|38%|40%|42%|44%|46%|48%|50%|52%|53%|55%|57%|59%|61%|63%|65%|67%|69%|70%|72%|74%|76%|78%|80%|82%|84%|86%|87%|89%|91%|93%|95%|97%|99%|
Ratio of accepted displacements: 0.583466
Ratio of accepted type changes: 0.0792435
#VerletListBuilds: 114722
Computation time: 523 s for 600000 runs
T = 0.3. Simulation running. Progress: 1%|3%|5%|7%|9%|10%|12%|14%|16%|18%|19%|21%|23%|25%|26%|28%|30%|32%|34%|35%|37%|39%|41%|42%|44%|46%|48%|50%|51%|53%|55%|57%|58%|60%|62%|64%|66%|67%|69%|71%|73%|74%|76%|78%|80%|81%|83%|85%|87%|89%|90%|92%|94%|96%|97%|99%|
Ratio of accepted displacements: 0.488032
Ratio of accepted type changes: 0.0283134
#VerletListBuilds: 81062
Computation time: 562 s for 600000 runs
