NumberOfParticlesInRow: 32
Distance: 1.42636
T = 0.9. Simulation running. Progress: 1%|3%|5%|7%|9%|11%|13%|15%|17%|19%|21%|23%|25%|27%|29%|30%|32%|34%|36%|38%|40%|42%|44%|46%|48%|50%|52%|54%|56%|58%|59%|61%|63%|65%|67%|69%|71%|73%|75%|77%|79%|81%|83%|85%|87%|88%|90%|92%|94%|96%|98%|
Ratio of accepted displacements: 0.812911
Ratio of accepted type changes: 0.709239
#VerletListBuilds: 181904
Computation time: 517 s for 600000 runs
T = 0.85. Simulation running. Progress: 1%|3%|5%|7%|9%|11%|13%|15%|17%|19%|21%|23%|25%|27%|29%|31%|32%|34%|36%|38%|40%|42%|44%|46%|48%|50%|52%|54%|56%|58%|60%|62%|63%|65%|67%|69%|71%|73%|75%|77%|79%|81%|83%|85%|87%|89%|91%|93%|94%|96%|98%|
Ratio of accepted displacements: 0.808022
Ratio of accepted type changes: 0.690795
#VerletListBuilds: 180666
Computation time: 515 s for 600000 runs
T = 0.8. Simulation running. Progress: 1%|3%|5%|7%|9%|11%|13%|15%|17%|19%|21%|23%|25%|27%|29%|31%|33%|34%|36%|38%|40%|42%|44%|46%|48%|50%|52%|54%|56%|58%|60%|62%|64%|66%|68%|69%|71%|73%|75%|77%|79%|81%|83%|85%|87%|89%|91%|93%|95%|97%|99%|
Ratio of accepted displacements: 0.802246
Ratio of accepted type changes: 0.669261
#VerletListBuilds: 178707
Computation time: 514 s for 600000 runs
T = 0.75. Simulation running. Progress: 1%|3%|5%|7%|9%|11%|13%|15%|17%|19%|21%|23%|25%|27%|29%|31%|33%|35%|37%|38%|40%|42%|44%|46%|48%|50%|52%|54%|56%|58%|60%|62%|64%|66%|68%|70%|72%|74%|75%|77%|79%|81%|83%|85%|87%|89%|91%|93%|95%|97%|99%|
Ratio of accepted displacements: 0.79552
Ratio of accepted type changes: 0.643889
#VerletListBuilds: 176647
Computation time: 513 s for 600000 runs
T = 0.7. Simulation running. Progress: 1%|3%|5%|7%|9%|11%|13%|15%|17%|19%|21%|23%|25%|27%|29%|31%|33%|35%|37%|39%|41%|42%|44%|46%|48%|50%|52%|54%|56%|58%|60%|62%|64%|66%|68%|70%|72%|74%|76%|78%|80%|82%|84%|86%|87%|89%|91%|93%|95%|97%|99%|
Ratio of accepted displacements: 0.787613
Ratio of accepted type changes: 0.614092
#VerletListBuilds: 174236
Computation time: 511 s for 600000 runs
T = 0.65. Simulation running. Progress: 1%|3%|5%|7%|9%|11%|13%|15%|17%|19%|21%|23%|25%|27%|29%|31%|33%|35%|37%|39%|41%|43%|45%|47%|49%|51%|53%|54%|56%|58%|60%|62%|64%|66%|68%|70%|72%|74%|76%|78%|80%|82%|84%|86%|88%|90%|92%|94%|96%|98%|
Ratio of accepted displacements: 0.778147
Ratio of accepted type changes: 0.578565
#VerletListBuilds: 171314
Computation time: 509 s for 600000 runs
T = 0.6. Simulation running. Progress: 1%|3%|5%|7%|9%|11%|13%|15%|17%|19%|21%|23%|25%|27%|29%|31%|33%|35%|37%|39%|41%|43%|45%|47%|49%|51%|53%|55%|57%|59%|61%|63%|65%|67%|69%|71%|73%|74%|76%|78%|80%|82%|84%|86%|88%|90%|92%|94%|96%|98%|
Ratio of accepted displacements: 0.766538
Ratio of accepted type changes: 0.53482
#VerletListBuilds: 167883
Computation time: 506 s for 600000 runs
T = 0.55. Simulation running. Progress: 1%|3%|5%|7%|9%|11%|13%|15%|17%|19%|21%|23%|25%|27%|29%|31%|33%|35%|37%|39%|41%|43%|45%|47%|49%|51%|53%|55%|57%|59%|61%|63%|65%|67%|69%|71%|73%|75%|77%|79%|81%|83%|85%|87%|89%|91%|93%|95%|97%|99%|
Ratio of accepted displacements: 0.751653
Ratio of accepted type changes: 0.480282
#VerletListBuilds: 162984
Computation time: 503 s for 600000 runs
T = 0.5. Simulation running. Progress: 2%|4%|6%|7%|9%|11%|13%|15%|17%|19%|21%|23%|25%|27%|29%|31%|33%|35%|37%|39%|41%|43%|45%|47%|49%|51%|53%|55%|57%|59%|61%|63%|65%|67%|69%|71%|73%|75%|77%|79%|81%|83%|85%|87%|89%|91%|93%|95%|97%|99%|
Ratio of accepted displacements: 0.731138
Ratio of accepted type changes: 0.409799
#VerletListBuilds: 157235
Computation time: 500 s for 600000 runs
T = 0.45. Simulation running. Progress: 2%|4%|6%|8%|10%|12%|14%|16%|18%|20%|22%|24%|26%|28%|30%|32%|34%|36%|38%|40%|42%|44%|46%|48%|50%|52%|54%|56%|58%|60%|62%|64%|66%|68%|70%|72%|74%|76%|78%|80%|82%|84%|86%|88%|90%|92%|94%|96%|98%|
Ratio of accepted displacements: 0.703037
Ratio of accepted type changes: 0.319928
#VerletListBuilds: 149079
Computation time: 496 s for 600000 runs
T = 0.4. Simulation running. Progress: 2%|4%|6%|8%|10%|12%|14%|15%|17%|19%|21%|23%|25%|27%|29%|31%|33%|35%|37%|39%|41%|43%|45%|47%|49%|51%|53%|55%|57%|59%|61%|63%|65%|67%|69%|71%|73%|75%|77%|79%|81%|83%|85%|87%|89%|91%|93%|95%|97%|99%|
Ratio of accepted displacements: 0.649815
Ratio of accepted type changes: 0.212116
#VerletListBuilds: 133565
Computation time: 504 s for 600000 runs
T = 0.35. Simulation running. Progress: 1%|3%|5%|7%|9%|11%|13%|15%|17%|19%|21%|23%|24%|26%|28%|30%|32%|34%|36%|38%|39%|41%|43%|45%|47%|49%|51%|53%|55%|56%|58%|60%|62%|64%|66%|68%|69%|71%|73%|75%|77%|79%|81%|82%|84%|86%|88%|90%|91%|93%|95%|97%|99%|
Ratio of accepted displacements: 0.567035
Ratio of accepted type changes: 0.224689
#VerletListBuilds: 107616
Computation time: 534 s for 600000 runs
T = 0.3. Simulation running. Progress: 1%|3%|5%|7%|8%|10%|12%|14%|15%|17%|19%|21%|22%|24%|26%|28%|29%|31%|33%|35%|36%|38%|40%|42%|43%|45%|47%|49%|50%|52%|54%|56%|57%|59%|61%|63%|64%|66%|68%|70%|71%|73%|75%|77%|78%|80%|82%|84%|85%|87%|89%|91%|93%|94%|96%|98%|
Ratio of accepted displacements: 0.467517
Ratio of accepted type changes: 0.141239
#VerletListBuilds: 68219
Computation time: 569 s for 600000 runs
