NumberOfParticlesInRow: 32
Distance: 1.64702
T = 0.9. Simulation running. Progress: 2%|4%|6%|9%|11%|13%|16%|18%|20%|23%|25%|27%|29%|32%|34%|36%|39%|41%|43%|46%|48%|50%|52%|55%|57%|59%|62%|64%|66%|69%|71%|73%|75%|78%|80%|82%|85%|87%|89%|92%|94%|96%|99%|
Ratio of accepted displacements: 0.85635
Ratio of accepted type changes: 0.75685
#VerletListBuilds: 198916
Computation time: 434 s for 600000 runs
T = 0.85. Simulation running. Progress: 2%|4%|6%|9%|11%|13%|16%|18%|20%|23%|25%|27%|30%|32%|34%|36%|39%|41%|43%|46%|48%|50%|53%|55%|57%|60%|62%|64%|66%|69%|71%|73%|76%|78%|80%|83%|85%|87%|90%|92%|94%|96%|99%|
Ratio of accepted displacements: 0.85159
Ratio of accepted type changes: 0.741234
#VerletListBuilds: 197431
Computation time: 433 s for 600000 runs
T = 0.8. Simulation running. Progress: 2%|4%|6%|9%|11%|13%|16%|18%|20%|23%|25%|27%|30%|32%|34%|36%|39%|41%|43%|46%|48%|50%|53%|55%|57%|60%|62%|64%|66%|69%|71%|73%|76%|78%|80%|83%|85%|87%|90%|92%|94%|96%|99%|
Ratio of accepted displacements: 0.845587
Ratio of accepted type changes: 0.722351
#VerletListBuilds: 195684
Computation time: 433 s for 600000 runs
T = 0.75. Simulation running. Progress: 2%|4%|6%|9%|11%|13%|16%|18%|20%|23%|25%|27%|29%|32%|34%|36%|39%|41%|43%|46%|48%|50%|53%|55%|57%|60%|62%|64%|66%|69%|71%|73%|76%|78%|80%|83%|85%|87%|90%|92%|94%|97%|99%|
Ratio of accepted displacements: 0.838928
Ratio of accepted type changes: 0.700513
#VerletListBuilds: 193403
Computation time: 432 s for 600000 runs
T = 0.7. Simulation running. Progress: 2%|4%|6%|9%|11%|13%|16%|18%|20%|23%|25%|27%|30%|32%|34%|36%|39%|41%|43%|46%|48%|50%|53%|55%|57%|60%|62%|64%|67%|69%|71%|73%|76%|78%|80%|83%|85%|87%|90%|92%|94%|97%|99%|
Ratio of accepted displacements: 0.830637
Ratio of accepted type changes: 0.674157
#VerletListBuilds: 190902
Computation time: 432 s for 600000 runs
T = 0.65. Simulation running. Progress: 2%|4%|6%|9%|11%|13%|16%|18%|20%|23%|25%|27%|30%|32%|34%|37%|39%|41%|43%|46%|48%|50%|53%|55%|57%|60%|62%|64%|67%|69%|71%|74%|76%|78%|81%|83%|85%|87%|90%|92%|94%|97%|99%|
Ratio of accepted displacements: 0.820865
Ratio of accepted type changes: 0.642467
#VerletListBuilds: 187958
Computation time: 432 s for 600000 runs
T = 0.6. Simulation running. Progress: 2%|4%|6%|9%|11%|13%|16%|18%|20%|23%|25%|27%|30%|32%|34%|37%|39%|41%|43%|46%|48%|50%|53%|55%|57%|60%|62%|64%|67%|69%|71%|74%|76%|78%|81%|83%|85%|88%|90%|92%|94%|97%|99%|
Ratio of accepted displacements: 0.80879
Ratio of accepted type changes: 0.603742
#VerletListBuilds: 184349
Computation time: 431 s for 600000 runs
T = 0.55. Simulation running. Progress: 2%|4%|7%|9%|11%|14%|16%|18%|20%|23%|25%|27%|30%|32%|34%|37%|39%|41%|44%|46%|48%|51%|53%|55%|58%|60%|62%|65%|67%|69%|72%|74%|76%|78%|81%|83%|85%|88%|90%|92%|95%|97%|99%|
Ratio of accepted displacements: 0.793885
Ratio of accepted type changes: 0.555276
#VerletListBuilds: 179976
Computation time: 430 s for 600000 runs
T = 0.5. Simulation running. Progress: 2%|4%|6%|9%|11%|13%|16%|18%|20%|23%|25%|27%|30%|32%|34%|37%|39%|41%|43%|46%|48%|50%|53%|55%|57%|60%|62%|64%|67%|69%|71%|74%|76%|78%|81%|83%|85%|87%|90%|92%|94%|97%|99%|
Ratio of accepted displacements: 0.772588
Ratio of accepted type changes: 0.489847
#VerletListBuilds: 173690
Computation time: 432 s for 600000 runs
T = 0.45. Simulation running. Progress: 2%|4%|6%|9%|11%|13%|16%|18%|20%|22%|25%|27%|29%|32%|34%|36%|39%|41%|43%|45%|48%|50%|52%|55%|57%|59%|62%|64%|66%|68%|71%|73%|75%|78%|80%|82%|85%|87%|89%|91%|94%|96%|98%|
Ratio of accepted displacements: 0.742
Ratio of accepted type changes: 0.400775
#VerletListBuilds: 164697
Computation time: 435 s for 600000 runs
T = 0.4. Simulation running. Progress: 2%|4%|6%|8%|11%|13%|15%|17%|20%|22%|24%|26%|28%|31%|33%|35%|37%|39%|42%|44%|46%|48%|50%|53%|55%|57%|59%|61%|64%|66%|68%|70%|72%|74%|77%|79%|81%|83%|85%|87%|90%|92%|94%|96%|99%|
Ratio of accepted displacements: 0.687174
Ratio of accepted type changes: 0.264223
#VerletListBuilds: 149702
Computation time: 454 s for 600000 runs
T = 0.35. Simulation running. Progress: 2%|4%|6%|8%|10%|12%|14%|16%|18%|20%|22%|24%|26%|28%|30%|32%|34%|36%|38%|40%|42%|44%|46%|48%|50%|52%|54%|56%|58%|60%|62%|64%|66%|68%|70%|72%|74%|75%|77%|79%|81%|83%|85%|87%|89%|91%|93%|95%|97%|99%|
Ratio of accepted displacements: 0.598037
Ratio of accepted type changes: 0.106717
#VerletListBuilds: 124172
Computation time: 501 s for 600000 runs
T = 0.3. Simulation running. Progress: 1%|3%|5%|7%|9%|11%|12%|14%|16%|18%|20%|21%|23%|25%|27%|28%|30%|32%|34%|36%|37%|39%|41%|43%|45%|46%|48%|50%|52%|53%|55%|57%|59%|61%|62%|64%|66%|68%|69%|71%|73%|75%|76%|78%|80%|82%|83%|85%|87%|89%|90%|92%|94%|96%|97%|99%|
Ratio of accepted displacements: 0.490194
Ratio of accepted type changes: 0.0281665
#VerletListBuilds: 88516
Computation time: 561 s for 600000 runs
