NumberOfParticlesInRow: 32
Distance: 1.19838
T = 0.9. Simulation running. Progress: 1%|3%|4%|6%|7%|9%|10%|12%|13%|15%|17%|18%|20%|21%|23%|24%|26%|27%|29%|30%|32%|34%|35%|37%|38%|40%|41%|43%|44%|46%|48%|49%|51%|52%|54%|55%|57%|58%|60%|61%|63%|65%|66%|68%|69%|71%|72%|74%|75%|77%|79%|80%|82%|83%|85%|86%|88%|89%|91%|92%|94%|96%|97%|99%|
Ratio of accepted displacements: 0.713628
Ratio of accepted type changes: 0.623729
#VerletListBuilds: 141251
Computation time: 645 s for 600000 runs
T = 0.85. Simulation running. Progress: 1%|3%|4%|6%|7%|9%|10%|12%|13%|15%|17%|18%|20%|21%|23%|24%|26%|27%|29%|31%|32%|34%|35%|37%|38%|40%|42%|43%|45%|46%|48%|49%|51%|52%|54%|55%|57%|59%|60%|62%|63%|65%|66%|68%|69%|71%|73%|74%|76%|77%|79%|80%|82%|83%|85%|87%|88%|90%|91%|93%|94%|96%|97%|99%|
Ratio of accepted displacements: 0.708775
Ratio of accepted type changes: 0.599745
#VerletListBuilds: 139783
Computation time: 642 s for 600000 runs
T = 0.8. Simulation running. Progress: 1%|3%|4%|6%|7%|9%|10%|12%|14%|15%|17%|18%|20%|21%|23%|24%|26%|28%|29%|31%|32%|34%|35%|37%|39%|40%|42%|43%|45%|46%|48%|50%|51%|53%|54%|56%|57%|59%|60%|62%|64%|65%|67%|68%|70%|71%|73%|75%|76%|78%|79%|81%|82%|84%|85%|87%|89%|90%|92%|93%|95%|96%|98%|99%|
Ratio of accepted displacements: 0.703267
Ratio of accepted type changes: 0.571812
#VerletListBuilds: 138085
Computation time: 640 s for 600000 runs
T = 0.75. Simulation running. Progress: 1%|3%|4%|6%|7%|9%|10%|12%|14%|15%|17%|18%|20%|21%|23%|25%|26%|28%|29%|31%|32%|34%|36%|37%|39%|40%|42%|43%|45%|47%|48%|50%|51%|53%|55%|56%|58%|59%|61%|62%|64%|66%|67%|69%|70%|72%|73%|75%|77%|78%|80%|81%|83%|84%|86%|87%|89%|91%|92%|94%|95%|97%|99%|
Ratio of accepted displacements: 0.697189
Ratio of accepted type changes: 0.539049
#VerletListBuilds: 136035
Computation time: 636 s for 600000 runs
T = 0.7. Simulation running. Progress: 1%|3%|4%|6%|7%|9%|11%|12%|14%|15%|17%|18%|20%|22%|23%|25%|26%|28%|30%|31%|33%|34%|36%|37%|39%|41%|42%|44%|45%|47%|49%|50%|52%|53%|55%|56%|58%|60%|61%|63%|64%|66%|67%|69%|71%|72%|74%|75%|77%|79%|80%|82%|83%|85%|86%|88%|90%|91%|93%|94%|96%|98%|99%|
Ratio of accepted displacements: 0.690116
Ratio of accepted type changes: 0.500086
#VerletListBuilds: 134007
Computation time: 632 s for 600000 runs
T = 0.65. Simulation running. Progress: 1%|3%|4%|6%|7%|9%|11%|12%|14%|15%|17%|19%|20%|22%|23%|25%|27%|28%|30%|31%|33%|35%|36%|38%|39%|41%|43%|44%|46%|47%|49%|51%|52%|54%|55%|57%|59%|60%|62%|63%|65%|66%|68%|70%|71%|73%|74%|76%|78%|79%|81%|82%|84%|86%|87%|89%|90%|92%|94%|95%|97%|98%|
Ratio of accepted displacements: 0.682039
Ratio of accepted type changes: 0.453661
#VerletListBuilds: 131480
Computation time: 627 s for 600000 runs
T = 0.6. Simulation running. Progress: 1%|3%|4%|6%|8%|9%|11%|12%|14%|16%|17%|19%|20%|22%|24%|25%|27%|29%|30%|32%|33%|35%|37%|38%|40%|41%|43%|45%|46%|48%|49%|51%|53%|54%|56%|58%|59%|61%|62%|64%|66%|67%|69%|70%|72%|74%|75%|77%|78%|80%|82%|83%|85%|87%|88%|90%|91%|93%|95%|96%|98%|99%|
Ratio of accepted displacements: 0.672176
Ratio of accepted type changes: 0.397608
#VerletListBuilds: 128626
Computation time: 620 s for 600000 runs
T = 0.55. Simulation running. Progress: 1%|3%|4%|6%|8%|9%|11%|13%|14%|16%|17%|19%|21%|22%|24%|26%|27%|29%|31%|32%|34%|35%|37%|39%|40%|42%|44%|45%|47%|49%|50%|52%|53%|55%|57%|58%|60%|62%|63%|65%|67%|68%|70%|71%|73%|75%|76%|78%|80%|81%|83%|85%|86%|88%|89%|91%|93%|94%|96%|98%|99%|
Ratio of accepted displacements: 0.660251
Ratio of accepted type changes: 0.332571
#VerletListBuilds: 125348
Computation time: 611 s for 600000 runs
T = 0.5. Simulation running. Progress: 1%|3%|5%|6%|8%|10%|11%|13%|15%|16%|18%|20%|21%|23%|25%|26%|28%|30%|31%|33%|35%|36%|38%|40%|41%|43%|45%|46%|48%|50%|51%|53%|55%|56%|58%|60%|61%|63%|65%|66%|68%|70%|71%|73%|75%|76%|78%|80%|81%|83%|85%|86%|88%|90%|91%|93%|95%|96%|98%|
Ratio of accepted displacements: 0.645084
Ratio of accepted type changes: 0.289735
#VerletListBuilds: 120978
Computation time: 598 s for 600000 runs
T = 0.45. Simulation running. Progress: 1%|3%|5%|6%|8%|10%|12%|13%|15%|17%|18%|20%|22%|24%|25%|27%|29%|30%|32%|34%|36%|37%|39%|41%|43%|44%|46%|48%|49%|51%|53%|55%|56%|58%|60%|61%|63%|65%|67%|68%|70%|72%|74%|75%|77%|79%|80%|82%|84%|86%|87%|89%|91%|92%|94%|96%|98%|99%|
Ratio of accepted displacements: 0.625295
Ratio of accepted type changes: 0.383733
#VerletListBuilds: 115462
Computation time: 580 s for 600000 runs
T = 0.4. Simulation running. Progress: 1%|3%|5%|7%|8%|10%|12%|14%|15%|17%|19%|21%|22%|24%|26%|28%|29%|31%|33%|35%|36%|38%|40%|42%|43%|45%|47%|49%|50%|52%|54%|56%|57%|59%|61%|63%|64%|66%|68%|70%|71%|73%|75%|77%|79%|80%|82%|84%|86%|87%|89%|91%|93%|94%|96%|98%|
Ratio of accepted displacements: 0.599365
Ratio of accepted type changes: 0.40927
#VerletListBuilds: 107628
Computation time: 569 s for 600000 runs
T = 0.35. Simulation running. Progress: 1%|3%|5%|7%|8%|10%|12%|14%|15%|17%|19%|21%|22%|24%|26%|28%|29%|31%|33%|35%|36%|38%|40%|42%|43%|45%|47%|49%|50%|52%|54%|56%|57%|59%|61%|63%|64%|66%|68%|69%|71%|73%|75%|76%|78%|80%|82%|83%|85%|87%|88%|90%|92%|94%|95%|97%|99%|
Ratio of accepted displacements: 0.539713
Ratio of accepted type changes: 0.31287
#VerletListBuilds: 87043
Computation time: 574 s for 600000 runs
T = 0.3. Simulation running. Progress: 1%|3%|5%|6%|8%|10%|12%|13%|15%|17%|18%|20%|22%|24%|25%|27%|29%|30%|32%|34%|36%|37%|39%|41%|43%|44%|46%|48%|49%|51%|53%|55%|56%|58%|60%|61%|63%|65%|67%|68%|70%|72%|73%|75%|77%|79%|80%|82%|84%|85%|87%|89%|91%|92%|94%|96%|98%|99%|
Ratio of accepted displacements: 0.456343
Ratio of accepted type changes: 0.160464
#VerletListBuilds: 53734
Computation time: 581 s for 600000 runs
