NumberOfParticlesInRow: 32
Distance: 1.32055
T = 0.9. Simulation running. Progress: 1%|3%|5%|7%|8%|10%|12%|14%|15%|17%|19%|21%|22%|24%|26%|28%|29%|31%|33%|35%|36%|38%|40%|42%|43%|45%|47%|49%|51%|52%|54%|56%|58%|59%|61%|63%|65%|66%|68%|70%|72%|73%|75%|77%|79%|80%|82%|84%|86%|88%|89%|91%|93%|95%|96%|98%|
Ratio of accepted displacements: 0.779157
Ratio of accepted type changes: 0.676626
#VerletListBuilds: 168618
Computation time: 567 s for 600000 runs
T = 0.85. Simulation running. Progress: 1%|3%|5%|7%|8%|10%|12%|14%|15%|17%|19%|21%|22%|24%|26%|28%|30%|31%|33%|35%|37%|38%|40%|42%|44%|45%|47%|49%|51%|52%|54%|56%|58%|60%|61%|63%|65%|67%|68%|70%|72%|74%|75%|77%|79%|81%|83%|84%|86%|88%|90%|91%|93%|95%|97%|98%|
Ratio of accepted displacements: 0.774285
Ratio of accepted type changes: 0.656188
#VerletListBuilds: 167046
Computation time: 566 s for 600000 runs
T = 0.8. Simulation running. Progress: 1%|3%|5%|7%|8%|10%|12%|14%|15%|17%|19%|21%|23%|24%|26%|28%|30%|31%|33%|35%|37%|38%|40%|42%|44%|46%|47%|49%|51%|53%|54%|56%|58%|60%|62%|63%|65%|67%|69%|70%|72%|74%|76%|77%|79%|81%|83%|85%|86%|88%|90%|92%|93%|95%|97%|99%|
Ratio of accepted displacements: 0.768789
Ratio of accepted type changes: 0.632551
#VerletListBuilds: 165321
Computation time: 564 s for 600000 runs
T = 0.75. Simulation running. Progress: 1%|3%|5%|7%|8%|10%|12%|14%|16%|17%|19%|21%|23%|24%|26%|28%|30%|32%|33%|35%|37%|39%|40%|42%|44%|46%|48%|49%|51%|53%|55%|56%|58%|60%|62%|64%|65%|67%|69%|71%|72%|74%|76%|78%|80%|81%|83%|85%|87%|88%|90%|92%|94%|96%|97%|99%|
Ratio of accepted displacements: 0.762172
Ratio of accepted type changes: 0.604686
#VerletListBuilds: 163259
Computation time: 562 s for 600000 runs
T = 0.7. Simulation running. Progress: 1%|3%|5%|7%|8%|10%|12%|14%|16%|17%|19%|21%|23%|25%|26%|28%|30%|32%|33%|35%|37%|39%|41%|42%|44%|46%|48%|50%|51%|53%|55%|57%|58%|60%|62%|64%|66%|67%|69%|71%|73%|75%|76%|78%|80%|82%|83%|85%|87%|89%|91%|92%|94%|96%|98%|
Ratio of accepted displacements: 0.754574
Ratio of accepted type changes: 0.571824
#VerletListBuilds: 160837
Computation time: 559 s for 600000 runs
T = 0.65. Simulation running. Progress: 1%|3%|5%|7%|8%|10%|12%|14%|16%|17%|19%|21%|23%|25%|26%|28%|30%|32%|34%|35%|37%|39%|41%|43%|44%|46%|48%|50%|52%|53%|55%|57%|59%|61%|62%|64%|66%|68%|70%|71%|73%|75%|77%|79%|80%|82%|84%|86%|88%|89%|91%|93%|95%|97%|98%|
Ratio of accepted displacements: 0.745855
Ratio of accepted type changes: 0.533138
#VerletListBuilds: 158280
Computation time: 556 s for 600000 runs
T = 0.6. Simulation running. Progress: 1%|3%|5%|7%|9%|10%|12%|14%|16%|18%|19%|21%|23%|25%|27%|28%|30%|32%|34%|36%|38%|39%|41%|43%|45%|47%|48%|50%|52%|54%|56%|57%|59%|61%|63%|65%|66%|68%|70%|72%|74%|76%|77%|79%|81%|83%|85%|86%|88%|90%|92%|94%|95%|97%|99%|
Ratio of accepted displacements: 0.734785
Ratio of accepted type changes: 0.48559
#VerletListBuilds: 154916
Computation time: 552 s for 600000 runs
T = 0.55. Simulation running. Progress: 1%|3%|5%|7%|9%|10%|12%|14%|16%|18%|20%|21%|23%|25%|27%|29%|31%|32%|34%|36%|38%|40%|42%|43%|45%|47%|49%|51%|52%|54%|56%|58%|60%|62%|63%|65%|67%|69%|71%|73%|74%|76%|78%|80%|82%|84%|85%|87%|89%|91%|93%|95%|96%|98%|
Ratio of accepted displacements: 0.721081
Ratio of accepted type changes: 0.427847
#VerletListBuilds: 150758
Computation time: 547 s for 600000 runs
T = 0.5. Simulation running. Progress: 1%|3%|5%|7%|9%|11%|12%|14%|16%|18%|20%|22%|24%|25%|27%|29%|31%|33%|35%|36%|38%|40%|42%|44%|46%|48%|49%|51%|53%|55%|57%|59%|61%|62%|64%|66%|68%|70%|72%|73%|75%|77%|79%|81%|83%|85%|86%|88%|90%|92%|94%|96%|98%|99%|
Ratio of accepted displacements: 0.702654
Ratio of accepted type changes: 0.355402
#VerletListBuilds: 145201
Computation time: 540 s for 600000 runs
T = 0.45. Simulation running. Progress: 1%|3%|5%|7%|9%|11%|13%|15%|16%|18%|20%|22%|24%|26%|28%|30%|31%|33%|35%|37%|39%|41%|43%|45%|46%|48%|50%|52%|54%|56%|58%|60%|61%|63%|65%|67%|69%|71%|73%|75%|76%|78%|80%|82%|84%|86%|88%|90%|91%|93%|95%|97%|99%|
Ratio of accepted displacements: 0.675515
Ratio of accepted type changes: 0.267745
#VerletListBuilds: 137440
Computation time: 532 s for 600000 runs
T = 0.4. Simulation running. Progress: 1%|3%|5%|7%|9%|11%|13%|15%|17%|18%|20%|22%|24%|26%|28%|30%|32%|34%|36%|37%|39%|41%|43%|45%|47%|49%|51%|53%|55%|56%|58%|60%|62%|64%|66%|68%|70%|72%|74%|75%|77%|79%|81%|83%|85%|87%|89%|90%|92%|94%|96%|98%|
Ratio of accepted displacements: 0.629524
Ratio of accepted type changes: 0.261299
#VerletListBuilds: 123859
Computation time: 528 s for 600000 runs
T = 0.35. Simulation running. Progress: 1%|3%|5%|7%|9%|11%|12%|14%|16%|18%|20%|21%|23%|25%|27%|29%|30%|32%|34%|36%|38%|39%|41%|43%|45%|46%|48%|50%|52%|53%|55%|57%|59%|61%|62%|64%|66%|68%|69%|71%|73%|75%|77%|78%|80%|82%|84%|85%|87%|89%|91%|92%|94%|96%|98%|99%|
Ratio of accepted displacements: 0.543564
Ratio of accepted type changes: 0.21212
#VerletListBuilds: 96030
Computation time: 560 s for 600000 runs
T = 0.3. Simulation running. Progress: 1%|3%|5%|7%|8%|10%|12%|14%|15%|17%|19%|20%|22%|24%|26%|27%|29%|31%|33%|34%|36%|38%|40%|41%|43%|45%|47%|48%|50%|52%|54%|55%|57%|59%|61%|62%|64%|66%|68%|69%|71%|73%|75%|76%|78%|80%|82%|83%|85%|87%|88%|90%|92%|94%|95%|97%|99%|
Ratio of accepted displacements: 0.462761
Ratio of accepted type changes: 0.140322
#VerletListBuilds: 62101
Computation time: 573 s for 600000 runs
