NumberOfParticlesInRow: 32
Distance: 1.16462
T = 0.9. Simulation running. Progress: 1%|3%|4%|6%|7%|9%|10%|12%|13%|15%|16%|18%|19%|21%|22%|24%|25%|27%|28%|30%|31%|33%|34%|36%|37%|39%|40%|42%|43%|45%|46%|48%|49%|51%|53%|54%|56%|57%|59%|60%|62%|63%|65%|66%|68%|69%|71%|72%|74%|75%|77%|78%|80%|81%|83%|84%|86%|87%|89%|90%|92%|93%|95%|96%|98%|99%|
Ratio of accepted displacements: 0.686109
Ratio of accepted type changes: 0.605427
#VerletListBuilds: 129413
Computation time: 660 s for 600000 runs
T = 0.85. Simulation running. Progress: 1%|3%|4%|6%|7%|9%|10%|12%|13%|15%|16%|18%|19%|21%|22%|24%|25%|27%|28%|30%|31%|33%|34%|36%|38%|39%|41%|42%|44%|45%|47%|48%|50%|51%|53%|54%|56%|57%|59%|60%|62%|63%|65%|66%|68%|69%|71%|73%|74%|76%|77%|79%|80%|82%|83%|85%|86%|88%|89%|91%|92%|94%|95%|97%|98%|
Ratio of accepted displacements: 0.681006
Ratio of accepted type changes: 0.580078
#VerletListBuilds: 127892
Computation time: 657 s for 600000 runs
T = 0.8. Simulation running. Progress: 1%|3%|4%|6%|7%|9%|10%|12%|13%|15%|16%|18%|19%|21%|22%|24%|25%|27%|28%|30%|31%|33%|35%|36%|38%|39%|41%|42%|44%|45%|47%|48%|50%|51%|53%|54%|56%|57%|59%|60%|62%|63%|65%|67%|68%|70%|71%|73%|74%|76%|77%|79%|80%|82%|83%|85%|86%|88%|89%|91%|93%|94%|96%|97%|99%|
Ratio of accepted displacements: 0.675369
Ratio of accepted type changes: 0.550282
#VerletListBuilds: 126135
Computation time: 655 s for 600000 runs
T = 0.75. Simulation running. Progress: 1%|3%|4%|6%|7%|9%|10%|12%|13%|15%|16%|18%|19%|21%|23%|24%|26%|27%|29%|30%|32%|33%|35%|36%|38%|39%|41%|43%|44%|46%|47%|49%|50%|52%|53%|55%|56%|58%|59%|61%|63%|64%|66%|67%|69%|70%|72%|73%|75%|76%|78%|79%|81%|83%|84%|86%|87%|89%|90%|92%|93%|95%|96%|98%|99%|
Ratio of accepted displacements: 0.669068
Ratio of accepted type changes: 0.515165
#VerletListBuilds: 124084
Computation time: 650 s for 600000 runs
T = 0.7. Simulation running. Progress: 1%|3%|4%|6%|7%|9%|10%|12%|13%|15%|17%|18%|20%|21%|23%|24%|26%|27%|29%|31%|32%|34%|35%|37%|38%|40%|41%|43%|44%|46%|48%|49%|51%|52%|54%|55%|57%|58%|60%|61%|63%|65%|66%|68%|69%|71%|72%|74%|75%|77%|79%|80%|82%|83%|85%|86%|88%|89%|91%|92%|94%|96%|97%|99%|
Ratio of accepted displacements: 0.661947
Ratio of accepted type changes: 0.47346
#VerletListBuilds: 121947
Computation time: 645 s for 600000 runs
T = 0.65. Simulation running. Progress: 1%|3%|4%|6%|7%|9%|10%|12%|14%|15%|17%|18%|20%|21%|23%|25%|26%|28%|29%|31%|32%|34%|35%|37%|39%|40%|42%|43%|45%|46%|48%|50%|51%|53%|54%|56%|57%|59%|61%|62%|64%|65%|67%|68%|70%|71%|73%|75%|76%|78%|79%|81%|82%|84%|86%|87%|89%|90%|92%|93%|95%|96%|98%|
Ratio of accepted displacements: 0.65371
Ratio of accepted type changes: 0.423177
#VerletListBuilds: 119500
Computation time: 639 s for 600000 runs
T = 0.6. Simulation running. Progress: 1%|3%|4%|6%|7%|9%|11%|12%|14%|15%|17%|19%|20%|22%|23%|25%|26%|28%|30%|31%|33%|34%|36%|38%|39%|41%|42%|44%|45%|47%|49%|50%|52%|53%|55%|57%|58%|60%|61%|63%|64%|66%|68%|69%|71%|72%|74%|76%|77%|79%|80%|82%|83%|85%|87%|88%|90%|91%|93%|95%|96%|98%|99%|
Ratio of accepted displacements: 0.643962
Ratio of accepted type changes: 0.362593
#VerletListBuilds: 116643
Computation time: 631 s for 600000 runs
T = 0.55. Simulation running. Progress: 1%|3%|4%|6%|8%|9%|11%|12%|14%|16%|17%|19%|20%|22%|24%|25%|27%|29%|30%|32%|33%|35%|37%|38%|40%|41%|43%|45%|46%|48%|50%|51%|53%|54%|56%|58%|59%|61%|62%|64%|66%|67%|69%|71%|72%|74%|75%|77%|79%|80%|82%|83%|85%|87%|88%|90%|91%|93%|95%|96%|98%|
Ratio of accepted displacements: 0.632242
Ratio of accepted type changes: 0.305118
#VerletListBuilds: 113480
Computation time: 619 s for 600000 runs
T = 0.5. Simulation running. Progress: 1%|3%|4%|6%|8%|9%|11%|13%|14%|16%|18%|19%|21%|23%|24%|26%|28%|29%|31%|33%|34%|36%|38%|39%|41%|43%|44%|46%|48%|49%|51%|53%|54%|56%|58%|59%|61%|63%|64%|66%|68%|69%|71%|73%|74%|76%|78%|79%|81%|83%|84%|86%|88%|89%|91%|93%|94%|96%|98%|99%|
Ratio of accepted displacements: 0.617554
Ratio of accepted type changes: 0.393669
#VerletListBuilds: 109398
Computation time: 601 s for 600000 runs
T = 0.45. Simulation running. Progress: 1%|3%|5%|6%|8%|10%|11%|13%|15%|16%|18%|20%|22%|23%|25%|27%|28%|30%|32%|33%|35%|37%|39%|40%|42%|44%|45%|47%|49%|50%|52%|54%|56%|57%|59%|61%|62%|64%|66%|67%|69%|71%|73%|74%|76%|78%|79%|81%|83%|84%|86%|88%|90%|91%|93%|95%|96%|98%|
Ratio of accepted displacements: 0.601954
Ratio of accepted type changes: 0.464296
#VerletListBuilds: 104921
Computation time: 588 s for 600000 runs
T = 0.4. Simulation running. Progress: 1%|3%|5%|6%|8%|10%|12%|13%|15%|17%|18%|20%|22%|24%|25%|27%|29%|31%|32%|34%|36%|37%|39%|41%|43%|44%|46%|48%|50%|51%|53%|55%|56%|58%|60%|62%|63%|65%|67%|69%|70%|72%|74%|75%|77%|79%|81%|82%|84%|86%|88%|89%|91%|93%|94%|96%|98%|
Ratio of accepted displacements: 0.582883
Ratio of accepted type changes: 0.477157
#VerletListBuilds: 99432
Computation time: 579 s for 600000 runs
T = 0.35. Simulation running. Progress: 1%|3%|5%|7%|8%|10%|12%|14%|15%|17%|19%|21%|22%|24%|26%|27%|29%|31%|33%|34%|36%|38%|39%|41%|43%|45%|46%|48%|50%|52%|53%|55%|57%|59%|60%|62%|64%|66%|67%|69%|71%|73%|74%|76%|78%|79%|81%|83%|85%|86%|88%|90%|91%|93%|95%|97%|98%|
Ratio of accepted displacements: 0.53884
Ratio of accepted type changes: 0.366531
#VerletListBuilds: 84475
Computation time: 577 s for 600000 runs
T = 0.3. Simulation running. Progress: 1%|3%|5%|6%|8%|10%|12%|13%|15%|17%|19%|20%|22%|24%|25%|27%|29%|31%|32%|34%|36%|38%|39%|41%|43%|44%|46%|48%|50%|51%|53%|55%|57%|58%|60%|62%|63%|65%|67%|69%|70%|72%|74%|76%|77%|79%|81%|82%|84%|86%|88%|89%|91%|93%|95%|96%|98%|
Ratio of accepted displacements: 0.467473
Ratio of accepted type changes: 0.200645
#VerletListBuilds: 49832
Computation time: 578 s for 600000 runs
