NumberOfParticlesInRow: 32
Distance: 1.23526
T = 0.9. Simulation running. Progress: 1%|3%|4%|6%|8%|9%|11%|12%|14%|16%|17%|19%|21%|22%|24%|25%|27%|29%|30%|32%|34%|35%|37%|38%|40%|42%|43%|45%|47%|48%|50%|51%|53%|55%|56%|58%|60%|61%|63%|64%|66%|68%|69%|71%|73%|74%|76%|77%|79%|81%|82%|84%|86%|87%|89%|90%|92%|94%|95%|97%|99%|
Ratio of accepted displacements: 0.738144
Ratio of accepted type changes: 0.641794
#VerletListBuilds: 151424
Computation time: 615 s for 600000 runs
T = 0.85. Simulation running. Progress: 1%|3%|4%|6%|8%|9%|11%|13%|14%|16%|17%|19%|21%|22%|24%|26%|27%|29%|30%|32%|34%|35%|37%|39%|40%|42%|43%|45%|47%|48%|50%|52%|53%|55%|57%|58%|60%|61%|63%|65%|66%|68%|70%|71%|73%|74%|76%|78%|79%|81%|83%|84%|86%|87%|89%|91%|92%|94%|96%|97%|99%|
Ratio of accepted displacements: 0.733328
Ratio of accepted type changes: 0.619294
#VerletListBuilds: 150119
Computation time: 613 s for 600000 runs
T = 0.8. Simulation running. Progress: 1%|3%|4%|6%|8%|9%|11%|13%|14%|16%|17%|19%|21%|22%|24%|26%|27%|29%|31%|32%|34%|35%|37%|39%|40%|42%|44%|45%|47%|49%|50%|52%|53%|55%|57%|58%|60%|62%|63%|65%|67%|68%|70%|71%|73%|75%|76%|78%|80%|81%|83%|85%|86%|88%|89%|91%|93%|94%|96%|98%|99%|
Ratio of accepted displacements: 0.727764
Ratio of accepted type changes: 0.592839
#VerletListBuilds: 148220
Computation time: 611 s for 600000 runs
T = 0.75. Simulation running. Progress: 1%|3%|4%|6%|8%|9%|11%|13%|14%|16%|18%|19%|21%|23%|24%|26%|27%|29%|31%|32%|34%|36%|37%|39%|41%|42%|44%|46%|47%|49%|50%|52%|54%|55%|57%|59%|60%|62%|64%|65%|67%|69%|70%|72%|73%|75%|77%|78%|80%|82%|83%|85%|87%|88%|90%|92%|93%|95%|96%|98%|
Ratio of accepted displacements: 0.721768
Ratio of accepted type changes: 0.561931
#VerletListBuilds: 146440
Computation time: 608 s for 600000 runs
T = 0.7. Simulation running. Progress: 1%|3%|4%|6%|8%|9%|11%|13%|14%|16%|18%|19%|21%|23%|24%|26%|28%|29%|31%|33%|34%|36%|38%|39%|41%|42%|44%|46%|47%|49%|51%|52%|54%|56%|57%|59%|61%|62%|64%|66%|67%|69%|71%|72%|74%|76%|77%|79%|80%|82%|84%|85%|87%|89%|90%|92%|94%|95%|97%|99%|
Ratio of accepted displacements: 0.714431
Ratio of accepted type changes: 0.525469
#VerletListBuilds: 144390
Computation time: 605 s for 600000 runs
T = 0.65. Simulation running. Progress: 1%|3%|4%|6%|8%|9%|11%|13%|14%|16%|18%|19%|21%|23%|24%|26%|28%|29%|31%|33%|34%|36%|38%|39%|41%|43%|44%|46%|48%|49%|51%|53%|54%|56%|58%|59%|61%|63%|64%|66%|68%|69%|71%|73%|74%|76%|78%|79%|81%|83%|84%|86%|88%|89%|91%|93%|94%|96%|98%|99%|
Ratio of accepted displacements: 0.706089
Ratio of accepted type changes: 0.482252
#VerletListBuilds: 141756
Computation time: 600 s for 600000 runs
T = 0.6. Simulation running. Progress: 1%|3%|5%|6%|8%|10%|11%|13%|15%|16%|18%|20%|21%|23%|25%|26%|28%|30%|31%|33%|35%|36%|38%|40%|42%|43%|45%|47%|48%|50%|52%|53%|55%|57%|58%|60%|62%|63%|65%|67%|68%|70%|72%|73%|75%|77%|78%|80%|82%|84%|85%|87%|89%|90%|92%|94%|95%|97%|99%|
Ratio of accepted displacements: 0.696014
Ratio of accepted type changes: 0.429668
#VerletListBuilds: 138810
Computation time: 595 s for 600000 runs
T = 0.55. Simulation running. Progress: 1%|3%|5%|6%|8%|10%|11%|13%|15%|17%|18%|20%|22%|23%|25%|27%|28%|30%|32%|34%|35%|37%|39%|40%|42%|44%|45%|47%|49%|51%|52%|54%|56%|57%|59%|61%|62%|64%|66%|68%|69%|71%|73%|74%|76%|78%|79%|81%|83%|85%|86%|88%|90%|91%|93%|95%|96%|98%|
Ratio of accepted displacements: 0.683781
Ratio of accepted type changes: 0.367265
#VerletListBuilds: 135285
Computation time: 587 s for 600000 runs
T = 0.5. Simulation running. Progress: 1%|3%|5%|6%|8%|10%|12%|13%|15%|17%|19%|20%|22%|24%|25%|27%|29%|31%|32%|34%|36%|38%|39%|41%|43%|45%|46%|48%|50%|51%|53%|55%|57%|58%|60%|62%|64%|65%|67%|69%|70%|72%|74%|76%|77%|79%|81%|83%|84%|86%|88%|90%|91%|93%|95%|96%|98%|
Ratio of accepted displacements: 0.667577
Ratio of accepted type changes: 0.295079
#VerletListBuilds: 130532
Computation time: 577 s for 600000 runs
T = 0.45. Simulation running. Progress: 1%|3%|5%|7%|8%|10%|12%|14%|15%|17%|19%|21%|23%|24%|26%|28%|30%|31%|33%|35%|37%|39%|40%|42%|44%|46%|47%|49%|51%|53%|55%|56%|58%|60%|62%|63%|65%|67%|69%|71%|72%|74%|76%|78%|79%|81%|83%|85%|87%|88%|90%|92%|94%|95%|97%|99%|
Ratio of accepted displacements: 0.644407
Ratio of accepted type changes: 0.293429
#VerletListBuilds: 124006
Computation time: 562 s for 600000 runs
T = 0.4. Simulation running. Progress: 1%|3%|5%|7%|9%|10%|12%|14%|16%|18%|19%|21%|23%|25%|27%|29%|30%|32%|34%|36%|38%|39%|41%|43%|45%|47%|49%|50%|52%|54%|56%|58%|59%|61%|63%|65%|67%|69%|70%|72%|74%|76%|78%|80%|81%|83%|85%|87%|89%|90%|92%|94%|96%|98%|99%|
Ratio of accepted displacements: 0.611224
Ratio of accepted type changes: 0.354115
#VerletListBuilds: 113657
Computation time: 550 s for 600000 runs
T = 0.35. Simulation running. Progress: 1%|3%|5%|7%|9%|10%|12%|14%|16%|18%|20%|21%|23%|25%|27%|28%|30%|32%|34%|36%|37%|39%|41%|43%|45%|46%|48%|50%|52%|54%|55%|57%|59%|61%|62%|64%|66%|68%|70%|71%|73%|75%|77%|78%|80%|82%|84%|85%|87%|89%|91%|92%|94%|96%|98%|99%|
Ratio of accepted displacements: 0.547679
Ratio of accepted type changes: 0.290535
#VerletListBuilds: 92363
Computation time: 561 s for 600000 runs
T = 0.3. Simulation running. Progress: 1%|3%|5%|6%|8%|10%|12%|13%|15%|17%|19%|20%|22%|24%|26%|27%|29%|31%|32%|34%|36%|38%|39%|41%|43%|44%|46%|48%|50%|51%|53%|55%|57%|58%|60%|62%|64%|65%|67%|69%|70%|72%|74%|76%|77%|79%|81%|83%|84%|86%|88%|89%|91%|93%|95%|96%|98%|
Ratio of accepted displacements: 0.473321
Ratio of accepted type changes: 0.17214
#VerletListBuilds: 56976
Computation time: 577 s for 600000 runs
