NumberOfParticlesInRow: 32
Distance: 1.13356
T = 0.9. Simulation running. Progress: 1%|2%|4%|5%|7%|8%|10%|11%|13%|14%|16%|17%|19%|20%|22%|23%|25%|26%|28%|29%|31%|32%|34%|35%|37%|38%|40%|41%|43%|44%|45%|47%|48%|50%|51%|53%|54%|56%|57%|59%|60%|62%|63%|65%|66%|68%|69%|71%|72%|74%|75%|77%|78%|80%|81%|83%|84%|86%|87%|89%|90%|91%|93%|94%|96%|97%|99%|
Ratio of accepted displacements: 0.654874
Ratio of accepted type changes: 0.587396
#VerletListBuilds: 116301
Computation time: 673 s for 600000 runs
T = 0.85. Simulation running. Progress: 1%|2%|4%|5%|7%|8%|10%|11%|13%|14%|16%|17%|19%|20%|22%|23%|25%|26%|28%|29%|31%|32%|34%|35%|37%|38%|40%|41%|43%|44%|46%|47%|49%|50%|52%|53%|55%|56%|58%|59%|61%|62%|64%|65%|67%|68%|70%|71%|73%|74%|76%|77%|79%|80%|82%|83%|84%|86%|87%|89%|90%|92%|93%|95%|96%|98%|99%|
Ratio of accepted displacements: 0.649447
Ratio of accepted type changes: 0.560578
#VerletListBuilds: 114524
Computation time: 670 s for 600000 runs
T = 0.8. Simulation running. Progress: 1%|2%|4%|5%|7%|8%|10%|12%|13%|14%|16%|17%|19%|20%|22%|23%|25%|26%|28%|29%|31%|32%|34%|35%|37%|38%|40%|41%|43%|44%|46%|47%|49%|50%|52%|53%|55%|56%|58%|59%|61%|62%|64%|65%|67%|68%|70%|71%|73%|74%|76%|77%|79%|80%|82%|83%|85%|86%|88%|89%|91%|92%|94%|95%|97%|98%|
Ratio of accepted displacements: 0.643516
Ratio of accepted type changes: 0.528984
#VerletListBuilds: 112559
Computation time: 666 s for 600000 runs
T = 0.75. Simulation running. Progress: 1%|3%|4%|6%|7%|9%|10%|12%|13%|15%|16%|18%|19%|21%|22%|24%|25%|27%|28%|30%|31%|33%|34%|36%|37%|39%|40%|42%|43%|45%|46%|48%|49%|51%|52%|54%|55%|57%|58%|60%|61%|63%|64%|66%|67%|69%|70%|72%|74%|75%|77%|78%|80%|81%|83%|84%|86%|87%|89%|90%|92%|93%|95%|96%|98%|99%|
Ratio of accepted displacements: 0.636847
Ratio of accepted type changes: 0.491417
#VerletListBuilds: 110380
Computation time: 662 s for 600000 runs
T = 0.7. Simulation running. Progress: 1%|3%|4%|6%|7%|9%|10%|12%|13%|15%|16%|18%|19%|21%|22%|24%|25%|27%|28%|30%|31%|33%|35%|36%|38%|39%|41%|42%|44%|45%|47%|48%|50%|51%|53%|54%|56%|57%|59%|60%|62%|63%|65%|67%|68%|70%|71%|73%|74%|76%|77%|79%|80%|82%|83%|85%|86%|88%|89%|91%|92%|94%|95%|97%|99%|
Ratio of accepted displacements: 0.629286
Ratio of accepted type changes: 0.446061
#VerletListBuilds: 108057
Computation time: 656 s for 600000 runs
T = 0.65. Simulation running. Progress: 1%|3%|4%|6%|7%|9%|10%|12%|13%|15%|16%|18%|20%|21%|23%|24%|26%|27%|29%|30%|32%|33%|35%|36%|38%|40%|41%|43%|44%|46%|47%|49%|50%|52%|53%|55%|56%|58%|60%|61%|63%|64%|66%|67%|69%|70%|72%|73%|75%|77%|78%|80%|81%|83%|84%|86%|87%|89%|90%|92%|93%|95%|97%|98%|
Ratio of accepted displacements: 0.62075
Ratio of accepted type changes: 0.391532
#VerletListBuilds: 105523
Computation time: 649 s for 600000 runs
T = 0.6. Simulation running. Progress: 1%|3%|4%|6%|7%|9%|10%|12%|14%|15%|17%|18%|20%|21%|23%|25%|26%|28%|29%|31%|32%|34%|36%|37%|39%|40%|42%|43%|45%|46%|48%|50%|51%|53%|54%|56%|57%|59%|61%|62%|64%|65%|67%|68%|70%|72%|73%|75%|76%|78%|79%|81%|83%|84%|86%|87%|89%|90%|92%|93%|95%|97%|98%|
Ratio of accepted displacements: 0.610644
Ratio of accepted type changes: 0.330324
#VerletListBuilds: 102616
Computation time: 638 s for 600000 runs
T = 0.55. Simulation running. Progress: 1%|3%|4%|6%|8%|9%|11%|12%|14%|16%|17%|19%|20%|22%|24%|25%|27%|29%|30%|32%|33%|35%|37%|38%|40%|41%|43%|45%|46%|48%|49%|51%|53%|54%|56%|58%|59%|61%|62%|64%|66%|67%|69%|70%|72%|74%|75%|77%|78%|80%|82%|83%|85%|87%|88%|90%|91%|93%|95%|96%|98%|99%|
Ratio of accepted displacements: 0.597865
Ratio of accepted type changes: 0.373989
#VerletListBuilds: 98849
Computation time: 620 s for 600000 runs
T = 0.5. Simulation running. Progress: 1%|3%|4%|6%|8%|9%|11%|13%|14%|16%|18%|19%|21%|23%|24%|26%|28%|29%|31%|33%|34%|36%|38%|39%|41%|42%|44%|46%|47%|49%|51%|52%|54%|56%|57%|59%|61%|62%|64%|66%|67%|69%|71%|72%|74%|76%|77%|79%|80%|82%|84%|85%|87%|89%|90%|92%|94%|95%|97%|99%|
Ratio of accepted displacements: 0.585106
Ratio of accepted type changes: 0.479497
#VerletListBuilds: 95158
Computation time: 605 s for 600000 runs
T = 0.45. Simulation running. Progress: 1%|3%|5%|6%|8%|10%|11%|13%|15%|16%|18%|20%|21%|23%|25%|26%|28%|30%|31%|33%|35%|36%|38%|40%|41%|43%|45%|46%|48%|50%|51%|53%|55%|57%|58%|60%|62%|63%|65%|67%|68%|70%|72%|73%|75%|77%|78%|80%|82%|83%|85%|87%|88%|90%|92%|93%|95%|97%|98%|
Ratio of accepted displacements: 0.571931
Ratio of accepted type changes: 0.524372
#VerletListBuilds: 91545
Computation time: 596 s for 600000 runs
T = 0.4. Simulation running. Progress: 1%|3%|5%|6%|8%|10%|11%|13%|15%|16%|18%|20%|22%|23%|25%|27%|28%|30%|32%|33%|35%|37%|39%|40%|42%|44%|45%|47%|49%|50%|52%|54%|56%|57%|59%|61%|62%|64%|66%|67%|69%|71%|73%|74%|76%|78%|79%|81%|83%|84%|86%|88%|89%|91%|93%|95%|96%|98%|
Ratio of accepted displacements: 0.557105
Ratio of accepted type changes: 0.533761
#VerletListBuilds: 87292
Computation time: 588 s for 600000 runs
T = 0.35. Simulation running. Progress: 1%|3%|5%|6%|8%|10%|11%|13%|15%|17%|18%|20%|22%|24%|25%|27%|29%|30%|32%|34%|35%|37%|39%|41%|42%|44%|46%|47%|49%|51%|53%|54%|56%|58%|59%|61%|63%|64%|66%|68%|70%|71%|73%|75%|76%|78%|80%|81%|83%|85%|86%|88%|90%|91%|93%|95%|97%|98%|
Ratio of accepted displacements: 0.521895
Ratio of accepted type changes: 0.38368
#VerletListBuilds: 73811
Computation time: 587 s for 600000 runs
T = 0.3. Simulation running. Progress: 1%|3%|5%|6%|8%|10%|12%|13%|15%|17%|19%|20%|22%|24%|25%|27%|29%|31%|32%|34%|36%|38%|39%|41%|43%|44%|46%|48%|50%|51%|53%|55%|57%|58%|60%|62%|63%|65%|67%|69%|70%|72%|74%|75%|77%|79%|81%|82%|84%|86%|88%|89%|91%|93%|94%|96%|98%|
Ratio of accepted displacements: 0.465515
Ratio of accepted type changes: 0.207018
#VerletListBuilds: 45376
Computation time: 579 s for 600000 runs
